{"G:\\git\\compile\\compile\\src\\common\\Iterator.js":{"path":"G:\\git\\compile\\compile\\src\\common\\Iterator.js","statementMap":{"0":{"start":{"line":3,"column":0},"end":{"line":5,"column":3}},"1":{"start":{"line":6,"column":0},"end":{"line":6,"column":28}},"2":{"start":{"line":8,"column":16},"end":{"line":8,"column":61}},"3":{"start":{"line":10,"column":39},"end":{"line":10,"column":95}},"4":{"start":{"line":12,"column":50},"end":{"line":12,"column":151}},"5":{"start":{"line":12,"column":92},"end":{"line":12,"column":149}},"6":{"start":{"line":14,"column":44},"end":{"line":14,"column":315}},"7":{"start":{"line":14,"column":57},"end":{"line":14,"column":58}},"8":{"start":{"line":14,"column":102},"end":{"line":14,"column":110}},"9":{"start":{"line":14,"column":112},"end":{"line":14,"column":167}},"10":{"start":{"line":14,"column":168},"end":{"line":14,"column":199}},"11":{"start":{"line":14,"column":200},"end":{"line":14,"column":254}},"12":{"start":{"line":14,"column":227},"end":{"line":14,"column":254}},"13":{"start":{"line":14,"column":255},"end":{"line":14,"column":313}},"14":{"start":{"line":16,"column":62},"end":{"line":16,"column":131}},"15":{"start":{"line":16,"column":78},"end":{"line":16,"column":131}},"16":{"start":{"line":16,"column":132},"end":{"line":16,"column":193}},"17":{"start":{"line":16,"column":149},"end":{"line":16,"column":193}},"18":{"start":{"line":16,"column":194},"end":{"line":16,"column":263}},"19":{"start":{"line":16,"column":264},"end":{"line":16,"column":283}},"20":{"start":{"line":18,"column":28},"end":{"line":88,"column":3}},"21":{"start":{"line":20,"column":19},"end":{"line":20,"column":91}},"22":{"start":{"line":22,"column":4},"end":{"line":22,"column":36}},"23":{"start":{"line":24,"column":4},"end":{"line":24,"column":18}},"24":{"start":{"line":25,"column":4},"end":{"line":25,"column":25}},"25":{"start":{"line":26,"column":4},"end":{"line":26,"column":50}},"26":{"start":{"line":27,"column":4},"end":{"line":27,"column":50}},"27":{"start":{"line":28,"column":4},"end":{"line":28,"column":30}},"28":{"start":{"line":32,"column":2},"end":{"line":85,"column":6}},"29":{"start":{"line":35,"column":6},"end":{"line":35,"column":45}},"30":{"start":{"line":43,"column":6},"end":{"line":45,"column":7}},"31":{"start":{"line":44,"column":8},"end":{"line":44,"column":64}},"32":{"start":{"line":51,"column":6},"end":{"line":53,"column":7}},"33":{"start":{"line":52,"column":8},"end":{"line":52,"column":42}},"34":{"start":{"line":55,"column":16},"end":{"line":55,"column":27}},"35":{"start":{"line":56,"column":6},"end":{"line":56,"column":21}},"36":{"start":{"line":57,"column":6},"end":{"line":57,"column":17}},"37":{"start":{"line":63,"column":16},"end":{"line":63,"column":20}},"38":{"start":{"line":65,"column":6},"end":{"line":75,"column":7}},"39":{"start":{"line":66,"column":8},"end":{"line":66,"column":44}},"40":{"start":{"line":68,"column":8},"end":{"line":68,"column":36}},"41":{"start":{"line":70,"column":8},"end":{"line":74,"column":9}},"42":{"start":{"line":71,"column":21},"end":{"line":71,"column":35}},"43":{"start":{"line":72,"column":10},"end":{"line":72,"column":32}},"44":{"start":{"line":73,"column":10},"end":{"line":73,"column":22}},"45":{"start":{"line":77,"column":6},"end":{"line":79,"column":7}},"46":{"start":{"line":78,"column":8},"end":{"line":78,"column":39}},"47":{"start":{"line":81,"column":6},"end":{"line":81,"column":36}},"48":{"start":{"line":83,"column":6},"end":{"line":83,"column":17}},"49":{"start":{"line":87,"column":2},"end":{"line":87,"column":18}},"50":{"start":{"line":90,"column":0},"end":{"line":90,"column":30}}},"fnMap":{"0":{"name":"_interopRequireDefault","decl":{"start":{"line":10,"column":9},"end":{"line":10,"column":31}},"loc":{"start":{"line":10,"column":37},"end":{"line":10,"column":97}},"line":10},"1":{"name":"_classCallCheck","decl":{"start":{"line":12,"column":9},"end":{"line":12,"column":24}},"loc":{"start":{"line":12,"column":48},"end":{"line":12,"column":153}},"line":12},"2":{"name":"_defineProperties","decl":{"start":{"line":14,"column":9},"end":{"line":14,"column":26}},"loc":{"start":{"line":14,"column":42},"end":{"line":14,"column":317}},"line":14},"3":{"name":"_createClass","decl":{"start":{"line":16,"column":9},"end":{"line":16,"column":21}},"loc":{"start":{"line":16,"column":60},"end":{"line":16,"column":285}},"line":16},"4":{"name":"(anonymous_4)","decl":{"start":{"line":18,"column":28},"end":{"line":18,"column":29}},"loc":{"start":{"line":18,"column":40},"end":{"line":88,"column":1}},"line":18},"5":{"name":"Iterator","decl":{"start":{"line":19,"column":11},"end":{"line":19,"column":19}},"loc":{"start":{"line":19,"column":24},"end":{"line":29,"column":3}},"line":19},"6":{"name":"hasNext","decl":{"start":{"line":34,"column":20},"end":{"line":34,"column":27}},"loc":{"start":{"line":34,"column":30},"end":{"line":36,"column":5}},"line":34},"7":{"name":"putBack","decl":{"start":{"line":42,"column":20},"end":{"line":42,"column":27}},"loc":{"start":{"line":42,"column":30},"end":{"line":46,"column":5}},"line":42},"8":{"name":"peek","decl":{"start":{"line":50,"column":20},"end":{"line":50,"column":24}},"loc":{"start":{"line":50,"column":27},"end":{"line":58,"column":5}},"line":50},"9":{"name":"next","decl":{"start":{"line":62,"column":20},"end":{"line":62,"column":24}},"loc":{"start":{"line":62,"column":27},"end":{"line":84,"column":5}},"line":62}},"branchMap":{"0":{"loc":{"start":{"line":10,"column":46},"end":{"line":10,"column":94}},"type":"cond-expr","locations":[{"start":{"line":10,"column":70},"end":{"line":10,"column":73}},{"start":{"line":10,"column":76},"end":{"line":10,"column":94}}],"line":10},"1":{"loc":{"start":{"line":10,"column":46},"end":{"line":10,"column":67}},"type":"binary-expr","locations":[{"start":{"line":10,"column":46},"end":{"line":10,"column":49}},{"start":{"line":10,"column":53},"end":{"line":10,"column":67}}],"line":10},"2":{"loc":{"start":{"line":12,"column":50},"end":{"line":12,"column":151}},"type":"if","locations":[{"start":{"line":12,"column":50},"end":{"line":12,"column":151}},{"start":{"line":12,"column":50},"end":{"line":12,"column":151}}],"line":12},"3":{"loc":{"start":{"line":14,"column":136},"end":{"line":14,"column":166}},"type":"binary-expr","locations":[{"start":{"line":14,"column":136},"end":{"line":14,"column":157}},{"start":{"line":14,"column":161},"end":{"line":14,"column":166}}],"line":14},"4":{"loc":{"start":{"line":14,"column":200},"end":{"line":14,"column":254}},"type":"if","locations":[{"start":{"line":14,"column":200},"end":{"line":14,"column":254}},{"start":{"line":14,"column":200},"end":{"line":14,"column":254}}],"line":14},"5":{"loc":{"start":{"line":16,"column":62},"end":{"line":16,"column":131}},"type":"if","locations":[{"start":{"line":16,"column":62},"end":{"line":16,"column":131}},{"start":{"line":16,"column":62},"end":{"line":16,"column":131}}],"line":16},"6":{"loc":{"start":{"line":16,"column":132},"end":{"line":16,"column":193}},"type":"if","locations":[{"start":{"line":16,"column":132},"end":{"line":16,"column":193}},{"start":{"line":16,"column":132},"end":{"line":16,"column":193}}],"line":16},"7":{"loc":{"start":{"line":20,"column":19},"end":{"line":20,"column":91}},"type":"cond-expr","locations":[{"start":{"line":20,"column":72},"end":{"line":20,"column":84}},{"start":{"line":20,"column":87},"end":{"line":20,"column":91}}],"line":20},"8":{"loc":{"start":{"line":20,"column":19},"end":{"line":20,"column":69}},"type":"binary-expr","locations":[{"start":{"line":20,"column":19},"end":{"line":20,"column":39}},{"start":{"line":20,"column":43},"end":{"line":20,"column":69}}],"line":20},"9":{"loc":{"start":{"line":35,"column":13},"end":{"line":35,"column":44}},"type":"binary-expr","locations":[{"start":{"line":35,"column":13},"end":{"line":35,"column":27}},{"start":{"line":35,"column":31},"end":{"line":35,"column":44}}],"line":35},"10":{"loc":{"start":{"line":43,"column":6},"end":{"line":45,"column":7}},"type":"if","locations":[{"start":{"line":43,"column":6},"end":{"line":45,"column":7}},{"start":{"line":43,"column":6},"end":{"line":45,"column":7}}],"line":43},"11":{"loc":{"start":{"line":51,"column":6},"end":{"line":53,"column":7}},"type":"if","locations":[{"start":{"line":51,"column":6},"end":{"line":53,"column":7}},{"start":{"line":51,"column":6},"end":{"line":53,"column":7}}],"line":51},"12":{"loc":{"start":{"line":65,"column":6},"end":{"line":75,"column":7}},"type":"if","locations":[{"start":{"line":65,"column":6},"end":{"line":75,"column":7}},{"start":{"line":65,"column":6},"end":{"line":75,"column":7}}],"line":65},"13":{"loc":{"start":{"line":70,"column":8},"end":{"line":74,"column":9}},"type":"if","locations":[{"start":{"line":70,"column":8},"end":{"line":74,"column":9}},{"start":{"line":70,"column":8},"end":{"line":74,"column":9}}],"line":70}},"s":{"0":1,"1":1,"2":1,"3":1,"4":18,"5":0,"6":1,"7":1,"8":4,"9":4,"10":4,"11":4,"12":4,"13":4,"14":1,"15":1,"16":1,"17":0,"18":1,"19":1,"20":1,"21":18,"22":18,"23":18,"24":18,"25":18,"26":18,"27":18,"28":1,"29":44,"30":51,"31":51,"32":94,"33":45,"34":49,"35":49,"36":49,"37":108,"38":108,"39":45,"40":63,"41":63,"42":2,"43":2,"44":2,"45":106,"46":0,"47":106,"48":106,"49":1,"50":1},"f":{"0":1,"1":18,"2":1,"3":1,"4":1,"5":18,"6":44,"7":51,"8":94,"9":108},"b":{"0":[1,0],"1":[1,1],"2":[0,18],"3":[4,4],"4":[4,0],"5":[1,0],"6":[0,1],"7":[1,17],"8":[18,1],"9":[44,44],"10":[51,0],"11":[45,49],"12":[45,63],"13":[2,61]},"inputSourceMap":{"version":3,"names":["Iterator","it","endToken","_it","_cacheSize","_queueCache","LinkList","_stackCache","_endToken","peek","getSize","addLast","removeLast","getLast","val","next","putBack","value","undefined","temp","removeFirst"],"sourceRoot":"G:\\git\\compile\\compile\\src\\common\\","sources":["Iterator.js"],"sourcesContent":["/**\r\n * @author chaohui jiang\r\n * @version:v1.1.0\r\n */\r\nimport LinkList from \"./LinkList\";\r\nexport default class Iterator {\r\n    constructor(it,endToken= null) {\r\n        this._it = it;\r\n        this._cacheSize = 10;\r\n        this._queueCache = new LinkList();\r\n        this._stackCache = new LinkList();\r\n        this._endToken = endToken;\r\n    }\r\n    //是否有next\r\n    hasNext(){\r\n        return this._endToken || !!this.peek();\r\n    }\r\n    //放回一个\r\n    //a->b->c->d\r\n    //d->c->b->a\r\n    putBack(){\r\n        if(this._queueCache.getSize()>0){\r\n            this._stackCache.addLast(this._queueCache.removeLast());\r\n        }\r\n    }\r\n    //查看当前\r\n    peek(){\r\n        if(this._stackCache.getSize()>0){\r\n            return this._stackCache.getLast();\r\n        }\r\n        const val = this.next();\r\n        this.putBack();\r\n        return val;\r\n    }\r\n    //获取下一个\r\n    next(){\r\n        let val = null;\r\n        if(this._stackCache.getSize()>0){\r\n            val = this._stackCache.removeLast();\r\n        }else{\r\n            val = this._it.next().value;\r\n            if(val === undefined){\r\n                let temp = this._endToken;\r\n                this._endToken = null;\r\n                return  temp;\r\n            }\r\n        }\r\n        while (this._queueCache.getSize()>this._cacheSize-1){\r\n            this._queueCache.removeFirst();\r\n        }\r\n        this._queueCache.addLast(val);\r\n        return val;\r\n    }\r\n}\r\n"],"mappings":";;;;;;;AAIA;;;;;;;;;;IACqBA,Q;EACjB,kBAAYC,EAAZ,EAA+B;IAAA,IAAhBC,QAAgB,uEAAN,IAAM;;IAAA;;IAC3B,KAAKC,GAAL,GAAWF,EAAX;IACA,KAAKG,UAAL,GAAkB,EAAlB;IACA,KAAKC,WAAL,GAAmB,IAAIC,oBAAJ,EAAnB;IACA,KAAKC,WAAL,GAAmB,IAAID,oBAAJ,EAAnB;IACA,KAAKE,SAAL,GAAiBN,QAAjB;EACH,C,CACD;;;;;WACA,mBAAS;MACL,OAAO,KAAKM,SAAL,IAAkB,CAAC,CAAC,KAAKC,IAAL,EAA3B;IACH,C,CACD;IACA;IACA;;;;WACA,mBAAS;MACL,IAAG,KAAKJ,WAAL,CAAiBK,OAAjB,KAA2B,CAA9B,EAAgC;QAC5B,KAAKH,WAAL,CAAiBI,OAAjB,CAAyB,KAAKN,WAAL,CAAiBO,UAAjB,EAAzB;MACH;IACJ,C,CACD;;;;WACA,gBAAM;MACF,IAAG,KAAKL,WAAL,CAAiBG,OAAjB,KAA2B,CAA9B,EAAgC;QAC5B,OAAO,KAAKH,WAAL,CAAiBM,OAAjB,EAAP;MACH;;MACD,IAAMC,GAAG,GAAG,KAAKC,IAAL,EAAZ;MACA,KAAKC,OAAL;MACA,OAAOF,GAAP;IACH,C,CACD;;;;WACA,gBAAM;MACF,IAAIA,GAAG,GAAG,IAAV;;MACA,IAAG,KAAKP,WAAL,CAAiBG,OAAjB,KAA2B,CAA9B,EAAgC;QAC5BI,GAAG,GAAG,KAAKP,WAAL,CAAiBK,UAAjB,EAAN;MACH,CAFD,MAEK;QACDE,GAAG,GAAG,KAAKX,GAAL,CAASY,IAAT,GAAgBE,KAAtB;;QACA,IAAGH,GAAG,KAAKI,SAAX,EAAqB;UACjB,IAAIC,IAAI,GAAG,KAAKX,SAAhB;UACA,KAAKA,SAAL,GAAiB,IAAjB;UACA,OAAQW,IAAR;QACH;MACJ;;MACD,OAAO,KAAKd,WAAL,CAAiBK,OAAjB,KAA2B,KAAKN,UAAL,GAAgB,CAAlD,EAAoD;QAChD,KAAKC,WAAL,CAAiBe,WAAjB;MACH;;MACD,KAAKf,WAAL,CAAiBM,OAAjB,CAAyBG,GAAzB;;MACA,OAAOA,GAAP;IACH"},"_coverageSchema":"1a1c01bbd47fc00a2c39e90264f33305004495a9","hash":"313e4b239902fed9d725916c7e51130c0832b474","contentHash":"ea69b916074210ca9b25869056cf03213bb9fabf92666a3b8559bd713fef1606"},"G:\\git\\compile\\compile\\src\\common\\LinkList.js":{"path":"G:\\git\\compile\\compile\\src\\common\\LinkList.js","statementMap":{"0":{"start":{"line":3,"column":0},"end":{"line":5,"column":3}},"1":{"start":{"line":6,"column":0},"end":{"line":6,"column":28}},"2":{"start":{"line":8,"column":44},"end":{"line":8,"column":315}},"3":{"start":{"line":8,"column":57},"end":{"line":8,"column":58}},"4":{"start":{"line":8,"column":102},"end":{"line":8,"column":110}},"5":{"start":{"line":8,"column":112},"end":{"line":8,"column":167}},"6":{"start":{"line":8,"column":168},"end":{"line":8,"column":199}},"7":{"start":{"line":8,"column":200},"end":{"line":8,"column":254}},"8":{"start":{"line":8,"column":227},"end":{"line":8,"column":254}},"9":{"start":{"line":8,"column":255},"end":{"line":8,"column":313}},"10":{"start":{"line":10,"column":62},"end":{"line":10,"column":131}},"11":{"start":{"line":10,"column":78},"end":{"line":10,"column":131}},"12":{"start":{"line":10,"column":132},"end":{"line":10,"column":193}},"13":{"start":{"line":10,"column":149},"end":{"line":10,"column":193}},"14":{"start":{"line":10,"column":194},"end":{"line":10,"column":263}},"15":{"start":{"line":10,"column":264},"end":{"line":10,"column":283}},"16":{"start":{"line":12,"column":50},"end":{"line":12,"column":151}},"17":{"start":{"line":12,"column":92},"end":{"line":12,"column":149}},"18":{"start":{"line":18,"column":24},"end":{"line":24,"column":2}},"19":{"start":{"line":19,"column":2},"end":{"line":19,"column":30}},"20":{"start":{"line":21,"column":2},"end":{"line":21,"column":17}},"21":{"start":{"line":22,"column":2},"end":{"line":22,"column":25}},"22":{"start":{"line":23,"column":2},"end":{"line":23,"column":27}},"23":{"start":{"line":26,"column":28},"end":{"line":142,"column":3}},"24":{"start":{"line":28,"column":4},"end":{"line":28,"column":36}},"25":{"start":{"line":30,"column":4},"end":{"line":30,"column":35}},"26":{"start":{"line":31,"column":4},"end":{"line":31,"column":19}},"27":{"start":{"line":34,"column":2},"end":{"line":139,"column":6}},"28":{"start":{"line":37,"column":6},"end":{"line":37,"column":24}},"29":{"start":{"line":42,"column":6},"end":{"line":42,"column":30}},"30":{"start":{"line":47,"column":6},"end":{"line":52,"column":7}},"31":{"start":{"line":48,"column":8},"end":{"line":48,"column":48}},"32":{"start":{"line":50,"column":8},"end":{"line":50,"column":57}},"33":{"start":{"line":51,"column":8},"end":{"line":51,"column":36}},"34":{"start":{"line":54,"column":6},"end":{"line":54,"column":19}},"35":{"start":{"line":59,"column":6},"end":{"line":64,"column":7}},"36":{"start":{"line":60,"column":8},"end":{"line":60,"column":48}},"37":{"start":{"line":62,"column":8},"end":{"line":62,"column":58}},"38":{"start":{"line":63,"column":8},"end":{"line":63,"column":37}},"39":{"start":{"line":66,"column":6},"end":{"line":66,"column":19}},"40":{"start":{"line":71,"column":6},"end":{"line":73,"column":7}},"41":{"start":{"line":72,"column":8},"end":{"line":72,"column":46}},"42":{"start":{"line":75,"column":20},"end":{"line":75,"column":30}},"43":{"start":{"line":76,"column":6},"end":{"line":76,"column":35}},"44":{"start":{"line":77,"column":6},"end":{"line":77,"column":26}},"45":{"start":{"line":79,"column":6},"end":{"line":83,"column":7}},"46":{"start":{"line":80,"column":8},"end":{"line":80,"column":26}},"47":{"start":{"line":82,"column":8},"end":{"line":82,"column":30}},"48":{"start":{"line":85,"column":6},"end":{"line":85,"column":19}},"49":{"start":{"line":86,"column":6},"end":{"line":86,"column":25}},"50":{"start":{"line":91,"column":6},"end":{"line":93,"column":7}},"51":{"start":{"line":92,"column":8},"end":{"line":92,"column":46}},"52":{"start":{"line":95,"column":20},"end":{"line":95,"column":30}},"53":{"start":{"line":96,"column":6},"end":{"line":96,"column":34}},"54":{"start":{"line":97,"column":6},"end":{"line":97,"column":25}},"55":{"start":{"line":99,"column":6},"end":{"line":103,"column":7}},"56":{"start":{"line":100,"column":8},"end":{"line":100,"column":26}},"57":{"start":{"line":102,"column":8},"end":{"line":102,"column":31}},"58":{"start":{"line":105,"column":6},"end":{"line":105,"column":19}},"59":{"start":{"line":106,"column":6},"end":{"line":106,"column":25}},"60":{"start":{"line":111,"column":6},"end":{"line":113,"column":7}},"61":{"start":{"line":112,"column":8},"end":{"line":112,"column":46}},"62":{"start":{"line":115,"column":6},"end":{"line":115,"column":28}},"63":{"start":{"line":120,"column":6},"end":{"line":122,"column":7}},"64":{"start":{"line":121,"column":8},"end":{"line":121,"column":46}},"65":{"start":{"line":124,"column":6},"end":{"line":124,"column":28}},"66":{"start":{"line":129,"column":22},"end":{"line":129,"column":24}},"67":{"start":{"line":130,"column":16},"end":{"line":130,"column":26}},"68":{"start":{"line":132,"column":6},"end":{"line":135,"column":7}},"69":{"start":{"line":133,"column":8},"end":{"line":133,"column":32}},"70":{"start":{"line":134,"column":8},"end":{"line":134,"column":23}},"71":{"start":{"line":137,"column":6},"end":{"line":137,"column":34}},"72":{"start":{"line":141,"column":2},"end":{"line":141,"column":18}},"73":{"start":{"line":144,"column":0},"end":{"line":144,"column":30}}},"fnMap":{"0":{"name":"_defineProperties","decl":{"start":{"line":8,"column":9},"end":{"line":8,"column":26}},"loc":{"start":{"line":8,"column":42},"end":{"line":8,"column":317}},"line":8},"1":{"name":"_createClass","decl":{"start":{"line":10,"column":9},"end":{"line":10,"column":21}},"loc":{"start":{"line":10,"column":60},"end":{"line":10,"column":285}},"line":10},"2":{"name":"_classCallCheck","decl":{"start":{"line":12,"column":9},"end":{"line":12,"column":24}},"loc":{"start":{"line":12,"column":48},"end":{"line":12,"column":153}},"line":12},"3":{"name":"Node","decl":{"start":{"line":18,"column":46},"end":{"line":18,"column":50}},"loc":{"start":{"line":18,"column":67},"end":{"line":24,"column":1}},"line":18},"4":{"name":"(anonymous_4)","decl":{"start":{"line":26,"column":28},"end":{"line":26,"column":29}},"loc":{"start":{"line":26,"column":40},"end":{"line":142,"column":1}},"line":26},"5":{"name":"LinkList","decl":{"start":{"line":27,"column":11},"end":{"line":27,"column":19}},"loc":{"start":{"line":27,"column":22},"end":{"line":32,"column":3}},"line":27},"6":{"name":"getSize","decl":{"start":{"line":36,"column":20},"end":{"line":36,"column":27}},"loc":{"start":{"line":36,"column":30},"end":{"line":38,"column":5}},"line":36},"7":{"name":"isEmpty","decl":{"start":{"line":41,"column":20},"end":{"line":41,"column":27}},"loc":{"start":{"line":41,"column":30},"end":{"line":43,"column":5}},"line":41},"8":{"name":"addFirst","decl":{"start":{"line":46,"column":20},"end":{"line":46,"column":28}},"loc":{"start":{"line":46,"column":34},"end":{"line":55,"column":5}},"line":46},"9":{"name":"addLast","decl":{"start":{"line":58,"column":20},"end":{"line":58,"column":27}},"loc":{"start":{"line":58,"column":33},"end":{"line":67,"column":5}},"line":58},"10":{"name":"removeFirst","decl":{"start":{"line":70,"column":20},"end":{"line":70,"column":31}},"loc":{"start":{"line":70,"column":34},"end":{"line":87,"column":5}},"line":70},"11":{"name":"removeLast","decl":{"start":{"line":90,"column":20},"end":{"line":90,"column":30}},"loc":{"start":{"line":90,"column":33},"end":{"line":107,"column":5}},"line":90},"12":{"name":"getFirst","decl":{"start":{"line":110,"column":20},"end":{"line":110,"column":28}},"loc":{"start":{"line":110,"column":31},"end":{"line":116,"column":5}},"line":110},"13":{"name":"getLast","decl":{"start":{"line":119,"column":20},"end":{"line":119,"column":27}},"loc":{"start":{"line":119,"column":30},"end":{"line":125,"column":5}},"line":119},"14":{"name":"toString","decl":{"start":{"line":128,"column":20},"end":{"line":128,"column":28}},"loc":{"start":{"line":128,"column":31},"end":{"line":138,"column":5}},"line":128}},"branchMap":{"0":{"loc":{"start":{"line":8,"column":136},"end":{"line":8,"column":166}},"type":"binary-expr","locations":[{"start":{"line":8,"column":136},"end":{"line":8,"column":157}},{"start":{"line":8,"column":161},"end":{"line":8,"column":166}}],"line":8},"1":{"loc":{"start":{"line":8,"column":200},"end":{"line":8,"column":254}},"type":"if","locations":[{"start":{"line":8,"column":200},"end":{"line":8,"column":254}},{"start":{"line":8,"column":200},"end":{"line":8,"column":254}}],"line":8},"2":{"loc":{"start":{"line":10,"column":62},"end":{"line":10,"column":131}},"type":"if","locations":[{"start":{"line":10,"column":62},"end":{"line":10,"column":131}},{"start":{"line":10,"column":62},"end":{"line":10,"column":131}}],"line":10},"3":{"loc":{"start":{"line":10,"column":132},"end":{"line":10,"column":193}},"type":"if","locations":[{"start":{"line":10,"column":132},"end":{"line":10,"column":193}},{"start":{"line":10,"column":132},"end":{"line":10,"column":193}}],"line":10},"4":{"loc":{"start":{"line":12,"column":50},"end":{"line":12,"column":151}},"type":"if","locations":[{"start":{"line":12,"column":50},"end":{"line":12,"column":151}},{"start":{"line":12,"column":50},"end":{"line":12,"column":151}}],"line":12},"5":{"loc":{"start":{"line":22,"column":13},"end":{"line":22,"column":24}},"type":"binary-expr","locations":[{"start":{"line":22,"column":13},"end":{"line":22,"column":16}},{"start":{"line":22,"column":20},"end":{"line":22,"column":24}}],"line":22},"6":{"loc":{"start":{"line":23,"column":14},"end":{"line":23,"column":26}},"type":"binary-expr","locations":[{"start":{"line":23,"column":14},"end":{"line":23,"column":18}},{"start":{"line":23,"column":22},"end":{"line":23,"column":26}}],"line":23},"7":{"loc":{"start":{"line":47,"column":6},"end":{"line":52,"column":7}},"type":"if","locations":[{"start":{"line":47,"column":6},"end":{"line":52,"column":7}},{"start":{"line":47,"column":6},"end":{"line":52,"column":7}}],"line":47},"8":{"loc":{"start":{"line":59,"column":6},"end":{"line":64,"column":7}},"type":"if","locations":[{"start":{"line":59,"column":6},"end":{"line":64,"column":7}},{"start":{"line":59,"column":6},"end":{"line":64,"column":7}}],"line":59},"9":{"loc":{"start":{"line":71,"column":6},"end":{"line":73,"column":7}},"type":"if","locations":[{"start":{"line":71,"column":6},"end":{"line":73,"column":7}},{"start":{"line":71,"column":6},"end":{"line":73,"column":7}}],"line":71},"10":{"loc":{"start":{"line":79,"column":6},"end":{"line":83,"column":7}},"type":"if","locations":[{"start":{"line":79,"column":6},"end":{"line":83,"column":7}},{"start":{"line":79,"column":6},"end":{"line":83,"column":7}}],"line":79},"11":{"loc":{"start":{"line":91,"column":6},"end":{"line":93,"column":7}},"type":"if","locations":[{"start":{"line":91,"column":6},"end":{"line":93,"column":7}},{"start":{"line":91,"column":6},"end":{"line":93,"column":7}}],"line":91},"12":{"loc":{"start":{"line":99,"column":6},"end":{"line":103,"column":7}},"type":"if","locations":[{"start":{"line":99,"column":6},"end":{"line":103,"column":7}},{"start":{"line":99,"column":6},"end":{"line":103,"column":7}}],"line":99},"13":{"loc":{"start":{"line":111,"column":6},"end":{"line":113,"column":7}},"type":"if","locations":[{"start":{"line":111,"column":6},"end":{"line":113,"column":7}},{"start":{"line":111,"column":6},"end":{"line":113,"column":7}}],"line":111},"14":{"loc":{"start":{"line":120,"column":6},"end":{"line":122,"column":7}},"type":"if","locations":[{"start":{"line":120,"column":6},"end":{"line":122,"column":7}},{"start":{"line":120,"column":6},"end":{"line":122,"column":7}}],"line":120}},"s":{"0":1,"1":1,"2":1,"3":1,"4":9,"5":9,"6":9,"7":9,"8":9,"9":9,"10":2,"11":1,"12":2,"13":0,"14":2,"15":2,"16":202,"17":0,"18":1,"19":164,"20":164,"21":164,"22":164,"23":1,"24":38,"25":38,"26":38,"27":1,"28":364,"29":154,"30":3,"31":0,"32":3,"33":3,"34":3,"35":161,"36":85,"37":76,"38":76,"39":161,"40":4,"41":0,"42":4,"43":4,"44":4,"45":4,"46":1,"47":3,"48":4,"49":4,"50":99,"51":0,"52":99,"53":99,"54":99,"55":99,"56":60,"57":39,"58":99,"59":99,"60":3,"61":0,"62":3,"63":47,"64":0,"65":47,"66":7,"67":7,"68":7,"69":15,"70":15,"71":7,"72":1,"73":1},"f":{"0":1,"1":2,"2":202,"3":164,"4":1,"5":38,"6":364,"7":154,"8":3,"9":161,"10":4,"11":99,"12":3,"13":47,"14":7},"b":{"0":[9,9],"1":[9,0],"2":[1,1],"3":[0,2],"4":[0,202],"5":[164,88],"6":[164,161],"7":[0,3],"8":[85,76],"9":[0,4],"10":[1,3],"11":[0,99],"12":[60,39],"13":[0,3],"14":[0,47]},"inputSourceMap":{"version":3,"names":["Node","val","pre","next","LinkList","_head","_tail","_size","isEmpty","Error","delNode","formatStr","cur","push","join"],"sourceRoot":"G:\\git\\compile\\compile\\src\\common\\","sources":["LinkList.js"],"sourcesContent":["/**\r\n * @author chaohui jiang\r\n * @version:v1.1.0\r\n */\r\nclass Node {\r\n    constructor(val,pre,next) {\r\n        this.val = val;\r\n        this.pre = pre || null;\r\n        this.next = next || null;\r\n    }\r\n}\r\nexport default class LinkList {\r\n    constructor() {\r\n        this._head = this._tail = null;\r\n        this._size = 0;\r\n    }\r\n    getSize(){return this._size;}\r\n    isEmpty(){return this._size === 0;}\r\n    addFirst(val){\r\n        if(this._head === null){\r\n            this._head = this._tail = new Node(val);\r\n        }else{\r\n            this._head.pre = new Node(val,null,this._head);\r\n            this._head = this._head.pre;\r\n        }\r\n        this._size++;\r\n    }\r\n    addLast(val){\r\n        if(this._tail==null){\r\n            this._head = this._tail = new Node(val);\r\n        }else{\r\n            this._tail.next = new Node(val,this._tail,null)\r\n            this._tail = this._tail.next;\r\n        }\r\n        this._size++;\r\n    }\r\n    removeFirst(){\r\n        if(this.isEmpty()){throw new Error(`linklist is empty!`)}\r\n        let delNode = this._head;\r\n        this._head = this._head.next;\r\n        delNode.next = null;\r\n        if(this._head===null){\r\n            this._tail = null;\r\n        }else{\r\n            this._head.pre = null;\r\n        }\r\n        this._size--;\r\n        return delNode.val;\r\n\r\n    }\r\n    removeLast(){\r\n        if(this.isEmpty()){throw new Error(`linklist is empty!`)}\r\n        let delNode = this._tail;\r\n        this._tail = this._tail.pre;\r\n        delNode.pre = null;\r\n        if(this._tail == null){\r\n            this._head = null;\r\n        }else{\r\n            this._tail.next = null;\r\n        }\r\n        this._size--;\r\n        return delNode.val;\r\n    }\r\n    getFirst(){\r\n        if(this.isEmpty()){throw new Error(`linklist is empty!`)}\r\n        return this._head.val;\r\n    }\r\n    getLast(){\r\n        if(this.isEmpty()){throw new Error(`linklist is empty!`)}\r\n        return this._tail.val;\r\n    }\r\n    toString(){\r\n        let formatStr = [];\r\n        let cur = this._head;\r\n        while (cur){\r\n            formatStr.push(cur.val);\r\n            cur = cur.next;\r\n        }\r\n        return formatStr.join('->');\r\n    }\r\n}\r\n"],"mappings":";;;;;;;;;;;;;AAAA;AACA;AACA;AACA;IACMA,I,6BACF,cAAYC,GAAZ,EAAgBC,GAAhB,EAAoBC,IAApB,EAA0B;EAAA;;EACtB,KAAKF,GAAL,GAAWA,GAAX;EACA,KAAKC,GAAL,GAAWA,GAAG,IAAI,IAAlB;EACA,KAAKC,IAAL,GAAYA,IAAI,IAAI,IAApB;AACH,C;;IAEgBC,Q;EACjB,oBAAc;IAAA;;IACV,KAAKC,KAAL,GAAa,KAAKC,KAAL,GAAa,IAA1B;IACA,KAAKC,KAAL,GAAa,CAAb;EACH;;;;WACD,mBAAS;MAAC,OAAO,KAAKA,KAAZ;IAAmB;;;WAC7B,mBAAS;MAAC,OAAO,KAAKA,KAAL,KAAe,CAAtB;IAAyB;;;WACnC,kBAASN,GAAT,EAAa;MACT,IAAG,KAAKI,KAAL,KAAe,IAAlB,EAAuB;QACnB,KAAKA,KAAL,GAAa,KAAKC,KAAL,GAAa,IAAIN,IAAJ,CAASC,GAAT,CAA1B;MACH,CAFD,MAEK;QACD,KAAKI,KAAL,CAAWH,GAAX,GAAiB,IAAIF,IAAJ,CAASC,GAAT,EAAa,IAAb,EAAkB,KAAKI,KAAvB,CAAjB;QACA,KAAKA,KAAL,GAAa,KAAKA,KAAL,CAAWH,GAAxB;MACH;;MACD,KAAKK,KAAL;IACH;;;WACD,iBAAQN,GAAR,EAAY;MACR,IAAG,KAAKK,KAAL,IAAY,IAAf,EAAoB;QAChB,KAAKD,KAAL,GAAa,KAAKC,KAAL,GAAa,IAAIN,IAAJ,CAASC,GAAT,CAA1B;MACH,CAFD,MAEK;QACD,KAAKK,KAAL,CAAWH,IAAX,GAAkB,IAAIH,IAAJ,CAASC,GAAT,EAAa,KAAKK,KAAlB,EAAwB,IAAxB,CAAlB;QACA,KAAKA,KAAL,GAAa,KAAKA,KAAL,CAAWH,IAAxB;MACH;;MACD,KAAKI,KAAL;IACH;;;WACD,uBAAa;MACT,IAAG,KAAKC,OAAL,EAAH,EAAkB;QAAC,MAAM,IAAIC,KAAJ,sBAAN;MAAsC;;MACzD,IAAIC,OAAO,GAAG,KAAKL,KAAnB;MACA,KAAKA,KAAL,GAAa,KAAKA,KAAL,CAAWF,IAAxB;MACAO,OAAO,CAACP,IAAR,GAAe,IAAf;;MACA,IAAG,KAAKE,KAAL,KAAa,IAAhB,EAAqB;QACjB,KAAKC,KAAL,GAAa,IAAb;MACH,CAFD,MAEK;QACD,KAAKD,KAAL,CAAWH,GAAX,GAAiB,IAAjB;MACH;;MACD,KAAKK,KAAL;MACA,OAAOG,OAAO,CAACT,GAAf;IAEH;;;WACD,sBAAY;MACR,IAAG,KAAKO,OAAL,EAAH,EAAkB;QAAC,MAAM,IAAIC,KAAJ,sBAAN;MAAsC;;MACzD,IAAIC,OAAO,GAAG,KAAKJ,KAAnB;MACA,KAAKA,KAAL,GAAa,KAAKA,KAAL,CAAWJ,GAAxB;MACAQ,OAAO,CAACR,GAAR,GAAc,IAAd;;MACA,IAAG,KAAKI,KAAL,IAAc,IAAjB,EAAsB;QAClB,KAAKD,KAAL,GAAa,IAAb;MACH,CAFD,MAEK;QACD,KAAKC,KAAL,CAAWH,IAAX,GAAkB,IAAlB;MACH;;MACD,KAAKI,KAAL;MACA,OAAOG,OAAO,CAACT,GAAf;IACH;;;WACD,oBAAU;MACN,IAAG,KAAKO,OAAL,EAAH,EAAkB;QAAC,MAAM,IAAIC,KAAJ,sBAAN;MAAsC;;MACzD,OAAO,KAAKJ,KAAL,CAAWJ,GAAlB;IACH;;;WACD,mBAAS;MACL,IAAG,KAAKO,OAAL,EAAH,EAAkB;QAAC,MAAM,IAAIC,KAAJ,sBAAN;MAAsC;;MACzD,OAAO,KAAKH,KAAL,CAAWL,GAAlB;IACH;;;WACD,oBAAU;MACN,IAAIU,SAAS,GAAG,EAAhB;MACA,IAAIC,GAAG,GAAG,KAAKP,KAAf;;MACA,OAAOO,GAAP,EAAW;QACPD,SAAS,CAACE,IAAV,CAAeD,GAAG,CAACX,GAAnB;QACAW,GAAG,GAAGA,GAAG,CAACT,IAAV;MACH;;MACD,OAAOQ,SAAS,CAACG,IAAV,CAAe,IAAf,CAAP;IACH"},"_coverageSchema":"1a1c01bbd47fc00a2c39e90264f33305004495a9","hash":"39f544bc46a7d6ca841e135a7cdcde22b8c512f9","contentHash":"18381333a8c9eae16c1845acb17f288516ee8b5a51dcc7e1ecba33f742defad9"},"G:\\git\\compile\\compile\\src\\common\\arrayToGenerator.js":{"path":"G:\\git\\compile\\compile\\src\\common\\arrayToGenerator.js","statementMap":{"0":{"start":{"line":3,"column":0},"end":{"line":5,"column":3}},"1":{"start":{"line":6,"column":0},"end":{"line":6,"column":38}},"2":{"start":{"line":8,"column":27},"end":{"line":8,"column":68}},"3":{"start":{"line":16,"column":2},"end":{"line":41,"column":14}},"4":{"start":{"line":17,"column":4},"end":{"line":40,"column":5}},"5":{"start":{"line":18,"column":6},"end":{"line":39,"column":7}},"6":{"start":{"line":20,"column":10},"end":{"line":20,"column":16}},"7":{"start":{"line":23,"column":10},"end":{"line":26,"column":11}},"8":{"start":{"line":24,"column":12},"end":{"line":24,"column":30}},"9":{"start":{"line":25,"column":12},"end":{"line":25,"column":18}},"10":{"start":{"line":28,"column":10},"end":{"line":28,"column":28}},"11":{"start":{"line":29,"column":10},"end":{"line":29,"column":24}},"12":{"start":{"line":32,"column":10},"end":{"line":32,"column":14}},"13":{"start":{"line":33,"column":10},"end":{"line":33,"column":28}},"14":{"start":{"line":34,"column":10},"end":{"line":34,"column":16}},"15":{"start":{"line":38,"column":10},"end":{"line":38,"column":33}}},"fnMap":{"0":{"name":"arrayToGenerator","decl":{"start":{"line":14,"column":9},"end":{"line":14,"column":25}},"loc":{"start":{"line":14,"column":31},"end":{"line":42,"column":1}},"line":14},"1":{"name":"arrayToGenerator$","decl":{"start":{"line":16,"column":42},"end":{"line":16,"column":59}},"loc":{"start":{"line":16,"column":70},"end":{"line":41,"column":3}},"line":16}},"branchMap":{"0":{"loc":{"start":{"line":18,"column":6},"end":{"line":39,"column":7}},"type":"switch","locations":[{"start":{"line":19,"column":8},"end":{"line":20,"column":16}},{"start":{"line":22,"column":8},"end":{"line":29,"column":24}},{"start":{"line":31,"column":8},"end":{"line":34,"column":16}},{"start":{"line":36,"column":8},"end":{"line":36,"column":15}},{"start":{"line":37,"column":8},"end":{"line":38,"column":33}}],"line":18},"1":{"loc":{"start":{"line":23,"column":10},"end":{"line":26,"column":11}},"type":"if","locations":[{"start":{"line":23,"column":10},"end":{"line":26,"column":11}},{"start":{"line":23,"column":10},"end":{"line":26,"column":11}}],"line":23}},"s":{"0":1,"1":1,"2":1,"3":18,"4":63,"5":110,"6":18,"7":63,"8":2,"9":2,"10":61,"11":61,"12":45,"13":45,"14":45,"15":2},"f":{"0":18,"1":63},"b":{"0":[18,63,45,2,2],"1":[2,61]},"inputSourceMap":{"version":3,"names":["arrayToGenerator","arr","i","length"],"sourceRoot":"G:\\git\\compile\\compile\\src\\common\\","sources":["arrayToGenerator.js"],"sourcesContent":["/**\r\n * @author chaohui jiang\r\n * @version:v1.1.0\r\n */\r\nexport default function * arrayToGenerator(arr) {\r\n    for(let i=0;i<arr.length;i++){\r\n        yield arr[i];\r\n    }\r\n}\r\n"],"mappings":";;;;;;;mDAI0BA,gB;;AAJ1B;AACA;AACA;AACA;AACe,SAAWA,gBAAX,CAA4BC,GAA5B;EAAA;EAAA;IAAA;MAAA;QAAA;UACHC,CADG,GACD,CADC;;QAAA;UAAA,MACCA,CAAC,GAACD,GAAG,CAACE,MADP;YAAA;YAAA;UAAA;;UAAA;UAEP,OAAMF,GAAG,CAACC,CAAD,CAAT;;QAFO;UACcA,CAAC,EADf;UAAA;UAAA;;QAAA;QAAA;UAAA;MAAA;IAAA;EAAA;AAAA"},"_coverageSchema":"1a1c01bbd47fc00a2c39e90264f33305004495a9","hash":"09a6ec4a4ec07d39ba09c6f5fa61748f08d0656e","contentHash":"75def3774b29e76519e398f993c38854f1c9423dfdc6e10b7d2a5ea3521225b5"},"G:\\git\\compile\\compile\\src\\lexical\\chartHelp.js":{"path":"G:\\git\\compile\\compile\\src\\lexical\\chartHelp.js","statementMap":{"0":{"start":{"line":3,"column":0},"end":{"line":5,"column":3}},"1":{"start":{"line":6,"column":0},"end":{"line":6,"column":26}},"2":{"start":{"line":7,"column":0},"end":{"line":7,"column":24}},"3":{"start":{"line":8,"column":0},"end":{"line":8,"column":28}},"4":{"start":{"line":9,"column":0},"end":{"line":9,"column":32}},"5":{"start":{"line":15,"column":15},"end":{"line":15,"column":28}},"6":{"start":{"line":16,"column":16},"end":{"line":16,"column":25}},"7":{"start":{"line":17,"column":14},"end":{"line":17,"column":33}},"8":{"start":{"line":18,"column":18},"end":{"line":18,"column":49}},"9":{"start":{"line":21,"column":2},"end":{"line":21,"column":28}},"10":{"start":{"line":25,"column":2},"end":{"line":25,"column":29}},"11":{"start":{"line":29,"column":2},"end":{"line":29,"column":27}},"12":{"start":{"line":33,"column":2},"end":{"line":33,"column":31}}},"fnMap":{"0":{"name":"isChart","decl":{"start":{"line":20,"column":9},"end":{"line":20,"column":16}},"loc":{"start":{"line":20,"column":22},"end":{"line":22,"column":1}},"line":20},"1":{"name":"isNumber","decl":{"start":{"line":24,"column":9},"end":{"line":24,"column":17}},"loc":{"start":{"line":24,"column":23},"end":{"line":26,"column":1}},"line":24},"2":{"name":"isCode","decl":{"start":{"line":28,"column":9},"end":{"line":28,"column":15}},"loc":{"start":{"line":28,"column":21},"end":{"line":30,"column":1}},"line":28},"3":{"name":"isOperator","decl":{"start":{"line":32,"column":9},"end":{"line":32,"column":19}},"loc":{"start":{"line":32,"column":25},"end":{"line":34,"column":1}},"line":32}},"branchMap":{},"s":{"0":1,"1":1,"2":1,"3":1,"4":1,"5":1,"6":1,"7":1,"8":1,"9":6,"10":4,"11":16,"12":9},"f":{"0":6,"1":4,"2":16,"3":9},"b":{},"inputSourceMap":{"version":3,"names":["chartReg","numberReg","codeReg","operatorReg","isChart","cha","test","isNumber","isCode","isOperator"],"sourceRoot":"G:\\git\\compile\\compile\\src\\lexical\\","sources":["chartHelp.js"],"sourcesContent":["/**\r\n * @author chaohui jiang\r\n * @version:v1.1.0\r\n */\r\nconst chartReg = /^[a-z|A-Z]$/;\r\nconst numberReg = /^[0-9]$/;\r\nconst codeReg = /^[_|a-z|A-Z|0-9]$/;\r\nconst operatorReg = /^[+|\\-|*|\\/|\\%|\\=|\\&|^|\\||^]$/\r\nexport function isChart(cha) {\r\n    return chartReg.test(cha);\r\n}\r\nexport function isNumber(cha) {\r\n    return numberReg.test(cha);\r\n}\r\nexport function isCode(cha) {\r\n    return codeReg.test(cha)\r\n}\r\nexport function isOperator(cha) {\r\n    return operatorReg.test(cha)\r\n}\r\n"],"mappings":";;;;;;;;;;AAAA;AACA;AACA;AACA;AACA,IAAMA,QAAQ,GAAG,aAAjB;AACA,IAAMC,SAAS,GAAG,SAAlB;AACA,IAAMC,OAAO,GAAG,mBAAhB;AACA,IAAMC,WAAW,GAAG,+BAApB;;AACO,SAASC,OAAT,CAAiBC,GAAjB,EAAsB;EACzB,OAAOL,QAAQ,CAACM,IAAT,CAAcD,GAAd,CAAP;AACH;;AACM,SAASE,QAAT,CAAkBF,GAAlB,EAAuB;EAC1B,OAAOJ,SAAS,CAACK,IAAV,CAAeD,GAAf,CAAP;AACH;;AACM,SAASG,MAAT,CAAgBH,GAAhB,EAAqB;EACxB,OAAOH,OAAO,CAACI,IAAR,CAAaD,GAAb,CAAP;AACH;;AACM,SAASI,UAAT,CAAoBJ,GAApB,EAAyB;EAC5B,OAAOF,WAAW,CAACG,IAAZ,CAAiBD,GAAjB,CAAP;AACH"},"_coverageSchema":"1a1c01bbd47fc00a2c39e90264f33305004495a9","hash":"698d8afb11818b612ab0c32abc3068b48c988fac","contentHash":"310967a6a975edf57a433492646e38d482f1302883e949941f15011322aac1d3"},"G:\\git\\compile\\compile\\src\\lexical\\Token.js":{"path":"G:\\git\\compile\\compile\\src\\lexical\\Token.js","statementMap":{"0":{"start":{"line":3,"column":0},"end":{"line":5,"column":3}},"1":{"start":{"line":6,"column":0},"end":{"line":6,"column":28}},"2":{"start":{"line":8,"column":18},"end":{"line":8,"column":65}},"3":{"start":{"line":10,"column":17},"end":{"line":10,"column":39}},"4":{"start":{"line":12,"column":24},"end":{"line":12,"column":77}},"5":{"start":{"line":14,"column":39},"end":{"line":14,"column":95}},"6":{"start":{"line":16,"column":50},"end":{"line":16,"column":151}},"7":{"start":{"line":16,"column":92},"end":{"line":16,"column":149}},"8":{"start":{"line":18,"column":44},"end":{"line":18,"column":315}},"9":{"start":{"line":18,"column":57},"end":{"line":18,"column":58}},"10":{"start":{"line":18,"column":102},"end":{"line":18,"column":110}},"11":{"start":{"line":18,"column":112},"end":{"line":18,"column":167}},"12":{"start":{"line":18,"column":168},"end":{"line":18,"column":199}},"13":{"start":{"line":18,"column":200},"end":{"line":18,"column":254}},"14":{"start":{"line":18,"column":227},"end":{"line":18,"column":254}},"15":{"start":{"line":18,"column":255},"end":{"line":18,"column":313}},"16":{"start":{"line":20,"column":62},"end":{"line":20,"column":131}},"17":{"start":{"line":20,"column":78},"end":{"line":20,"column":131}},"18":{"start":{"line":20,"column":132},"end":{"line":20,"column":193}},"19":{"start":{"line":20,"column":149},"end":{"line":20,"column":193}},"20":{"start":{"line":20,"column":194},"end":{"line":20,"column":263}},"21":{"start":{"line":20,"column":264},"end":{"line":20,"column":283}},"22":{"start":{"line":22,"column":17},"end":{"line":22,"column":266}},"23":{"start":{"line":24,"column":25},"end":{"line":376,"column":3}},"24":{"start":{"line":26,"column":4},"end":{"line":26,"column":33}},"25":{"start":{"line":28,"column":4},"end":{"line":28,"column":22}},"26":{"start":{"line":29,"column":4},"end":{"line":29,"column":20}},"27":{"start":{"line":32,"column":2},"end":{"line":373,"column":6}},"28":{"start":{"line":35,"column":6},"end":{"line":35,"column":23}},"29":{"start":{"line":40,"column":6},"end":{"line":40,"column":24}},"30":{"start":{"line":45,"column":6},"end":{"line":45,"column":60}},"31":{"start":{"line":51,"column":6},"end":{"line":51,"column":199}},"32":{"start":{"line":66,"column":14},"end":{"line":66,"column":16}},"33":{"start":{"line":68,"column":6},"end":{"line":78,"column":7}},"34":{"start":{"line":69,"column":17},"end":{"line":69,"column":26}},"35":{"start":{"line":71,"column":8},"end":{"line":75,"column":9}},"36":{"start":{"line":72,"column":10},"end":{"line":72,"column":18}},"37":{"start":{"line":74,"column":10},"end":{"line":74,"column":16}},"38":{"start":{"line":77,"column":8},"end":{"line":77,"column":18}},"39":{"start":{"line":80,"column":6},"end":{"line":82,"column":7}},"40":{"start":{"line":81,"column":8},"end":{"line":81,"column":60}},"41":{"start":{"line":84,"column":6},"end":{"line":86,"column":7}},"42":{"start":{"line":85,"column":8},"end":{"line":85,"column":60}},"43":{"start":{"line":88,"column":6},"end":{"line":88,"column":59}},"44":{"start":{"line":93,"column":14},"end":{"line":93,"column":16}},"45":{"start":{"line":94,"column":18},"end":{"line":94,"column":19}},"46":{"start":{"line":96,"column":6},"end":{"line":132,"column":7}},"47":{"start":{"line":97,"column":17},"end":{"line":97,"column":26}},"48":{"start":{"line":99,"column":8},"end":{"line":129,"column":9}},"49":{"start":{"line":101,"column":12},"end":{"line":105,"column":13}},"50":{"start":{"line":102,"column":14},"end":{"line":102,"column":24}},"51":{"start":{"line":104,"column":14},"end":{"line":104,"column":24}},"52":{"start":{"line":107,"column":12},"end":{"line":107,"column":20}},"53":{"start":{"line":108,"column":12},"end":{"line":108,"column":18}},"54":{"start":{"line":111,"column":12},"end":{"line":116,"column":13}},"55":{"start":{"line":112,"column":14},"end":{"line":112,"column":22}},"56":{"start":{"line":114,"column":14},"end":{"line":114,"column":24}},"57":{"start":{"line":115,"column":14},"end":{"line":115,"column":70}},"58":{"start":{"line":118,"column":12},"end":{"line":118,"column":18}},"59":{"start":{"line":121,"column":12},"end":{"line":126,"column":13}},"60":{"start":{"line":122,"column":14},"end":{"line":122,"column":22}},"61":{"start":{"line":124,"column":14},"end":{"line":124,"column":24}},"62":{"start":{"line":125,"column":14},"end":{"line":125,"column":70}},"63":{"start":{"line":128,"column":12},"end":{"line":128,"column":18}},"64":{"start":{"line":131,"column":8},"end":{"line":131,"column":18}},"65":{"start":{"line":134,"column":6},"end":{"line":134,"column":65}},"66":{"start":{"line":140,"column":18},"end":{"line":140,"column":19}},"67":{"start":{"line":142,"column":6},"end":{"line":365,"column":7}},"68":{"start":{"line":143,"column":17},"end":{"line":143,"column":26}},"69":{"start":{"line":145,"column":8},"end":{"line":362,"column":9}},"70":{"start":{"line":147,"column":12},"end":{"line":203,"column":13}},"71":{"start":{"line":149,"column":16},"end":{"line":149,"column":26}},"72":{"start":{"line":150,"column":16},"end":{"line":150,"column":22}},"73":{"start":{"line":153,"column":16},"end":{"line":153,"column":26}},"74":{"start":{"line":154,"column":16},"end":{"line":154,"column":22}},"75":{"start":{"line":157,"column":16},"end":{"line":157,"column":26}},"76":{"start":{"line":158,"column":16},"end":{"line":158,"column":22}},"77":{"start":{"line":161,"column":16},"end":{"line":161,"column":26}},"78":{"start":{"line":162,"column":16},"end":{"line":162,"column":22}},"79":{"start":{"line":165,"column":16},"end":{"line":165,"column":26}},"80":{"start":{"line":166,"column":16},"end":{"line":166,"column":22}},"81":{"start":{"line":169,"column":16},"end":{"line":169,"column":26}},"82":{"start":{"line":170,"column":16},"end":{"line":170,"column":22}},"83":{"start":{"line":173,"column":16},"end":{"line":173,"column":26}},"84":{"start":{"line":174,"column":16},"end":{"line":174,"column":22}},"85":{"start":{"line":177,"column":16},"end":{"line":177,"column":26}},"86":{"start":{"line":178,"column":16},"end":{"line":178,"column":22}},"87":{"start":{"line":181,"column":16},"end":{"line":181,"column":26}},"88":{"start":{"line":182,"column":16},"end":{"line":182,"column":22}},"89":{"start":{"line":185,"column":16},"end":{"line":185,"column":27}},"90":{"start":{"line":186,"column":16},"end":{"line":186,"column":22}},"91":{"start":{"line":189,"column":16},"end":{"line":189,"column":27}},"92":{"start":{"line":190,"column":16},"end":{"line":190,"column":22}},"93":{"start":{"line":193,"column":16},"end":{"line":193,"column":27}},"94":{"start":{"line":194,"column":16},"end":{"line":194,"column":22}},"95":{"start":{"line":197,"column":16},"end":{"line":197,"column":26}},"96":{"start":{"line":198,"column":16},"end":{"line":198,"column":70}},"97":{"start":{"line":201,"column":16},"end":{"line":201,"column":26}},"98":{"start":{"line":202,"column":16},"end":{"line":202,"column":70}},"99":{"start":{"line":205,"column":12},"end":{"line":205,"column":18}},"100":{"start":{"line":208,"column":12},"end":{"line":216,"column":13}},"101":{"start":{"line":209,"column":14},"end":{"line":209,"column":24}},"102":{"start":{"line":210,"column":14},"end":{"line":210,"column":70}},"103":{"start":{"line":211,"column":19},"end":{"line":216,"column":13}},"104":{"start":{"line":212,"column":14},"end":{"line":212,"column":24}},"105":{"start":{"line":213,"column":14},"end":{"line":213,"column":70}},"106":{"start":{"line":215,"column":14},"end":{"line":215,"column":69}},"107":{"start":{"line":218,"column":12},"end":{"line":218,"column":18}},"108":{"start":{"line":221,"column":12},"end":{"line":229,"column":13}},"109":{"start":{"line":222,"column":14},"end":{"line":222,"column":24}},"110":{"start":{"line":223,"column":14},"end":{"line":223,"column":70}},"111":{"start":{"line":224,"column":19},"end":{"line":229,"column":13}},"112":{"start":{"line":225,"column":14},"end":{"line":225,"column":24}},"113":{"start":{"line":226,"column":14},"end":{"line":226,"column":70}},"114":{"start":{"line":228,"column":14},"end":{"line":228,"column":69}},"115":{"start":{"line":231,"column":12},"end":{"line":231,"column":18}},"116":{"start":{"line":234,"column":12},"end":{"line":239,"column":13}},"117":{"start":{"line":235,"column":14},"end":{"line":235,"column":24}},"118":{"start":{"line":236,"column":14},"end":{"line":236,"column":70}},"119":{"start":{"line":238,"column":14},"end":{"line":238,"column":69}},"120":{"start":{"line":241,"column":12},"end":{"line":241,"column":18}},"121":{"start":{"line":244,"column":12},"end":{"line":249,"column":13}},"122":{"start":{"line":245,"column":14},"end":{"line":245,"column":24}},"123":{"start":{"line":246,"column":14},"end":{"line":246,"column":70}},"124":{"start":{"line":248,"column":14},"end":{"line":248,"column":69}},"125":{"start":{"line":251,"column":12},"end":{"line":251,"column":18}},"126":{"start":{"line":254,"column":12},"end":{"line":262,"column":13}},"127":{"start":{"line":255,"column":14},"end":{"line":255,"column":24}},"128":{"start":{"line":256,"column":14},"end":{"line":256,"column":70}},"129":{"start":{"line":257,"column":19},"end":{"line":262,"column":13}},"130":{"start":{"line":258,"column":14},"end":{"line":258,"column":24}},"131":{"start":{"line":259,"column":14},"end":{"line":259,"column":70}},"132":{"start":{"line":261,"column":14},"end":{"line":261,"column":69}},"133":{"start":{"line":264,"column":12},"end":{"line":264,"column":18}},"134":{"start":{"line":267,"column":12},"end":{"line":275,"column":13}},"135":{"start":{"line":268,"column":14},"end":{"line":268,"column":24}},"136":{"start":{"line":269,"column":14},"end":{"line":269,"column":70}},"137":{"start":{"line":270,"column":19},"end":{"line":275,"column":13}},"138":{"start":{"line":271,"column":14},"end":{"line":271,"column":24}},"139":{"start":{"line":272,"column":14},"end":{"line":272,"column":70}},"140":{"start":{"line":274,"column":14},"end":{"line":274,"column":69}},"141":{"start":{"line":277,"column":12},"end":{"line":277,"column":18}},"142":{"start":{"line":280,"column":12},"end":{"line":292,"column":13}},"143":{"start":{"line":281,"column":14},"end":{"line":281,"column":24}},"144":{"start":{"line":282,"column":29},"end":{"line":282,"column":38}},"145":{"start":{"line":284,"column":14},"end":{"line":287,"column":15}},"146":{"start":{"line":285,"column":16},"end":{"line":285,"column":26}},"147":{"start":{"line":286,"column":16},"end":{"line":286,"column":73}},"148":{"start":{"line":289,"column":14},"end":{"line":289,"column":70}},"149":{"start":{"line":291,"column":14},"end":{"line":291,"column":69}},"150":{"start":{"line":294,"column":12},"end":{"line":294,"column":18}},"151":{"start":{"line":297,"column":12},"end":{"line":310,"column":13}},"152":{"start":{"line":298,"column":14},"end":{"line":298,"column":24}},"153":{"start":{"line":300,"column":30},"end":{"line":300,"column":39}},"154":{"start":{"line":302,"column":14},"end":{"line":305,"column":15}},"155":{"start":{"line":303,"column":16},"end":{"line":303,"column":26}},"156":{"start":{"line":304,"column":16},"end":{"line":304,"column":73}},"157":{"start":{"line":307,"column":14},"end":{"line":307,"column":70}},"158":{"start":{"line":309,"column":14},"end":{"line":309,"column":69}},"159":{"start":{"line":312,"column":12},"end":{"line":312,"column":18}},"160":{"start":{"line":315,"column":12},"end":{"line":323,"column":13}},"161":{"start":{"line":316,"column":14},"end":{"line":316,"column":24}},"162":{"start":{"line":317,"column":14},"end":{"line":317,"column":70}},"163":{"start":{"line":318,"column":19},"end":{"line":323,"column":13}},"164":{"start":{"line":319,"column":14},"end":{"line":319,"column":24}},"165":{"start":{"line":320,"column":14},"end":{"line":320,"column":70}},"166":{"start":{"line":322,"column":14},"end":{"line":322,"column":69}},"167":{"start":{"line":325,"column":12},"end":{"line":325,"column":18}},"168":{"start":{"line":328,"column":12},"end":{"line":336,"column":13}},"169":{"start":{"line":329,"column":14},"end":{"line":329,"column":24}},"170":{"start":{"line":330,"column":14},"end":{"line":330,"column":70}},"171":{"start":{"line":331,"column":19},"end":{"line":336,"column":13}},"172":{"start":{"line":332,"column":14},"end":{"line":332,"column":24}},"173":{"start":{"line":333,"column":14},"end":{"line":333,"column":70}},"174":{"start":{"line":335,"column":14},"end":{"line":335,"column":69}},"175":{"start":{"line":338,"column":12},"end":{"line":338,"column":18}},"176":{"start":{"line":341,"column":12},"end":{"line":349,"column":13}},"177":{"start":{"line":342,"column":14},"end":{"line":342,"column":24}},"178":{"start":{"line":343,"column":14},"end":{"line":343,"column":70}},"179":{"start":{"line":344,"column":19},"end":{"line":349,"column":13}},"180":{"start":{"line":345,"column":14},"end":{"line":345,"column":24}},"181":{"start":{"line":346,"column":14},"end":{"line":346,"column":70}},"182":{"start":{"line":348,"column":14},"end":{"line":348,"column":69}},"183":{"start":{"line":351,"column":12},"end":{"line":351,"column":18}},"184":{"start":{"line":354,"column":12},"end":{"line":359,"column":13}},"185":{"start":{"line":355,"column":14},"end":{"line":355,"column":24}},"186":{"start":{"line":356,"column":14},"end":{"line":356,"column":70}},"187":{"start":{"line":358,"column":14},"end":{"line":358,"column":69}},"188":{"start":{"line":361,"column":12},"end":{"line":361,"column":18}},"189":{"start":{"line":364,"column":8},"end":{"line":364,"column":18}},"190":{"start":{"line":367,"column":6},"end":{"line":367,"column":65}},"191":{"start":{"line":375,"column":2},"end":{"line":375,"column":15}},"192":{"start":{"line":378,"column":0},"end":{"line":378,"column":27}}},"fnMap":{"0":{"name":"_interopRequireDefault","decl":{"start":{"line":14,"column":9},"end":{"line":14,"column":31}},"loc":{"start":{"line":14,"column":37},"end":{"line":14,"column":97}},"line":14},"1":{"name":"_classCallCheck","decl":{"start":{"line":16,"column":9},"end":{"line":16,"column":24}},"loc":{"start":{"line":16,"column":48},"end":{"line":16,"column":153}},"line":16},"2":{"name":"_defineProperties","decl":{"start":{"line":18,"column":9},"end":{"line":18,"column":26}},"loc":{"start":{"line":18,"column":42},"end":{"line":18,"column":317}},"line":18},"3":{"name":"_createClass","decl":{"start":{"line":20,"column":9},"end":{"line":20,"column":21}},"loc":{"start":{"line":20,"column":60},"end":{"line":20,"column":285}},"line":20},"4":{"name":"(anonymous_4)","decl":{"start":{"line":24,"column":25},"end":{"line":24,"column":26}},"loc":{"start":{"line":24,"column":37},"end":{"line":376,"column":1}},"line":24},"5":{"name":"Token","decl":{"start":{"line":25,"column":11},"end":{"line":25,"column":16}},"loc":{"start":{"line":25,"column":28},"end":{"line":30,"column":3}},"line":25},"6":{"name":"getValue","decl":{"start":{"line":34,"column":20},"end":{"line":34,"column":28}},"loc":{"start":{"line":34,"column":31},"end":{"line":36,"column":5}},"line":34},"7":{"name":"getType","decl":{"start":{"line":39,"column":20},"end":{"line":39,"column":27}},"loc":{"start":{"line":39,"column":30},"end":{"line":41,"column":5}},"line":39},"8":{"name":"isVariable","decl":{"start":{"line":44,"column":20},"end":{"line":44,"column":30}},"loc":{"start":{"line":44,"column":33},"end":{"line":46,"column":5}},"line":44},"9":{"name":"isScalar","decl":{"start":{"line":50,"column":20},"end":{"line":50,"column":28}},"loc":{"start":{"line":50,"column":31},"end":{"line":52,"column":5}},"line":50},"10":{"name":"makeVarOrKeyword","decl":{"start":{"line":65,"column":20},"end":{"line":65,"column":36}},"loc":{"start":{"line":65,"column":41},"end":{"line":89,"column":5}},"line":65},"11":{"name":"makeString","decl":{"start":{"line":92,"column":20},"end":{"line":92,"column":30}},"loc":{"start":{"line":92,"column":35},"end":{"line":135,"column":5}},"line":92},"12":{"name":"makeOperator","decl":{"start":{"line":139,"column":20},"end":{"line":139,"column":32}},"loc":{"start":{"line":139,"column":37},"end":{"line":368,"column":5}},"line":139},"13":{"name":"makeNumber","decl":{"start":{"line":372,"column":20},"end":{"line":372,"column":30}},"loc":{"start":{"line":372,"column":35},"end":{"line":372,"column":37}},"line":372}},"branchMap":{"0":{"loc":{"start":{"line":14,"column":46},"end":{"line":14,"column":94}},"type":"cond-expr","locations":[{"start":{"line":14,"column":70},"end":{"line":14,"column":73}},{"start":{"line":14,"column":76},"end":{"line":14,"column":94}}],"line":14},"1":{"loc":{"start":{"line":14,"column":46},"end":{"line":14,"column":67}},"type":"binary-expr","locations":[{"start":{"line":14,"column":46},"end":{"line":14,"column":49}},{"start":{"line":14,"column":53},"end":{"line":14,"column":67}}],"line":14},"2":{"loc":{"start":{"line":16,"column":50},"end":{"line":16,"column":151}},"type":"if","locations":[{"start":{"line":16,"column":50},"end":{"line":16,"column":151}},{"start":{"line":16,"column":50},"end":{"line":16,"column":151}}],"line":16},"3":{"loc":{"start":{"line":18,"column":136},"end":{"line":18,"column":166}},"type":"binary-expr","locations":[{"start":{"line":18,"column":136},"end":{"line":18,"column":157}},{"start":{"line":18,"column":161},"end":{"line":18,"column":166}}],"line":18},"4":{"loc":{"start":{"line":18,"column":200},"end":{"line":18,"column":254}},"type":"if","locations":[{"start":{"line":18,"column":200},"end":{"line":18,"column":254}},{"start":{"line":18,"column":200},"end":{"line":18,"column":254}}],"line":18},"5":{"loc":{"start":{"line":20,"column":62},"end":{"line":20,"column":131}},"type":"if","locations":[{"start":{"line":20,"column":62},"end":{"line":20,"column":131}},{"start":{"line":20,"column":62},"end":{"line":20,"column":131}}],"line":20},"6":{"loc":{"start":{"line":20,"column":132},"end":{"line":20,"column":193}},"type":"if","locations":[{"start":{"line":20,"column":132},"end":{"line":20,"column":193}},{"start":{"line":20,"column":132},"end":{"line":20,"column":193}}],"line":20},"7":{"loc":{"start":{"line":51,"column":13},"end":{"line":51,"column":198}},"type":"binary-expr","locations":[{"start":{"line":51,"column":13},"end":{"line":51,"column":58}},{"start":{"line":51,"column":62},"end":{"line":51,"column":105}},{"start":{"line":51,"column":109},"end":{"line":51,"column":150}},{"start":{"line":51,"column":154},"end":{"line":51,"column":198}}],"line":51},"8":{"loc":{"start":{"line":71,"column":8},"end":{"line":75,"column":9}},"type":"if","locations":[{"start":{"line":71,"column":8},"end":{"line":75,"column":9}},{"start":{"line":71,"column":8},"end":{"line":75,"column":9}}],"line":71},"9":{"loc":{"start":{"line":80,"column":6},"end":{"line":82,"column":7}},"type":"if","locations":[{"start":{"line":80,"column":6},"end":{"line":82,"column":7}},{"start":{"line":80,"column":6},"end":{"line":82,"column":7}}],"line":80},"10":{"loc":{"start":{"line":84,"column":6},"end":{"line":86,"column":7}},"type":"if","locations":[{"start":{"line":84,"column":6},"end":{"line":86,"column":7}},{"start":{"line":84,"column":6},"end":{"line":86,"column":7}}],"line":84},"11":{"loc":{"start":{"line":84,"column":10},"end":{"line":84,"column":37}},"type":"binary-expr","locations":[{"start":{"line":84,"column":10},"end":{"line":84,"column":21}},{"start":{"line":84,"column":25},"end":{"line":84,"column":37}}],"line":84},"12":{"loc":{"start":{"line":99,"column":8},"end":{"line":129,"column":9}},"type":"switch","locations":[{"start":{"line":100,"column":10},"end":{"line":108,"column":18}},{"start":{"line":110,"column":10},"end":{"line":118,"column":18}},{"start":{"line":120,"column":10},"end":{"line":128,"column":18}}],"line":99},"13":{"loc":{"start":{"line":101,"column":12},"end":{"line":105,"column":13}},"type":"if","locations":[{"start":{"line":101,"column":12},"end":{"line":105,"column":13}},{"start":{"line":101,"column":12},"end":{"line":105,"column":13}}],"line":101},"14":{"loc":{"start":{"line":111,"column":12},"end":{"line":116,"column":13}},"type":"if","locations":[{"start":{"line":111,"column":12},"end":{"line":116,"column":13}},{"start":{"line":111,"column":12},"end":{"line":116,"column":13}}],"line":111},"15":{"loc":{"start":{"line":121,"column":12},"end":{"line":126,"column":13}},"type":"if","locations":[{"start":{"line":121,"column":12},"end":{"line":126,"column":13}},{"start":{"line":121,"column":12},"end":{"line":126,"column":13}}],"line":121},"16":{"loc":{"start":{"line":145,"column":8},"end":{"line":362,"column":9}},"type":"switch","locations":[{"start":{"line":146,"column":10},"end":{"line":205,"column":18}},{"start":{"line":207,"column":10},"end":{"line":218,"column":18}},{"start":{"line":220,"column":10},"end":{"line":231,"column":18}},{"start":{"line":233,"column":10},"end":{"line":241,"column":18}},{"start":{"line":243,"column":10},"end":{"line":251,"column":18}},{"start":{"line":253,"column":10},"end":{"line":264,"column":18}},{"start":{"line":266,"column":10},"end":{"line":277,"column":18}},{"start":{"line":279,"column":10},"end":{"line":294,"column":18}},{"start":{"line":296,"column":10},"end":{"line":312,"column":18}},{"start":{"line":314,"column":10},"end":{"line":325,"column":18}},{"start":{"line":327,"column":10},"end":{"line":338,"column":18}},{"start":{"line":340,"column":10},"end":{"line":351,"column":18}},{"start":{"line":353,"column":10},"end":{"line":361,"column":18}}],"line":145},"17":{"loc":{"start":{"line":147,"column":12},"end":{"line":203,"column":13}},"type":"switch","locations":[{"start":{"line":148,"column":14},"end":{"line":150,"column":22}},{"start":{"line":152,"column":14},"end":{"line":154,"column":22}},{"start":{"line":156,"column":14},"end":{"line":158,"column":22}},{"start":{"line":160,"column":14},"end":{"line":162,"column":22}},{"start":{"line":164,"column":14},"end":{"line":166,"column":22}},{"start":{"line":168,"column":14},"end":{"line":170,"column":22}},{"start":{"line":172,"column":14},"end":{"line":174,"column":22}},{"start":{"line":176,"column":14},"end":{"line":178,"column":22}},{"start":{"line":180,"column":14},"end":{"line":182,"column":22}},{"start":{"line":184,"column":14},"end":{"line":186,"column":22}},{"start":{"line":188,"column":14},"end":{"line":190,"column":22}},{"start":{"line":192,"column":14},"end":{"line":194,"column":22}},{"start":{"line":196,"column":14},"end":{"line":198,"column":70}},{"start":{"line":200,"column":14},"end":{"line":202,"column":70}}],"line":147},"18":{"loc":{"start":{"line":208,"column":12},"end":{"line":216,"column":13}},"type":"if","locations":[{"start":{"line":208,"column":12},"end":{"line":216,"column":13}},{"start":{"line":208,"column":12},"end":{"line":216,"column":13}}],"line":208},"19":{"loc":{"start":{"line":211,"column":19},"end":{"line":216,"column":13}},"type":"if","locations":[{"start":{"line":211,"column":19},"end":{"line":216,"column":13}},{"start":{"line":211,"column":19},"end":{"line":216,"column":13}}],"line":211},"20":{"loc":{"start":{"line":221,"column":12},"end":{"line":229,"column":13}},"type":"if","locations":[{"start":{"line":221,"column":12},"end":{"line":229,"column":13}},{"start":{"line":221,"column":12},"end":{"line":229,"column":13}}],"line":221},"21":{"loc":{"start":{"line":224,"column":19},"end":{"line":229,"column":13}},"type":"if","locations":[{"start":{"line":224,"column":19},"end":{"line":229,"column":13}},{"start":{"line":224,"column":19},"end":{"line":229,"column":13}}],"line":224},"22":{"loc":{"start":{"line":234,"column":12},"end":{"line":239,"column":13}},"type":"if","locations":[{"start":{"line":234,"column":12},"end":{"line":239,"column":13}},{"start":{"line":234,"column":12},"end":{"line":239,"column":13}}],"line":234},"23":{"loc":{"start":{"line":244,"column":12},"end":{"line":249,"column":13}},"type":"if","locations":[{"start":{"line":244,"column":12},"end":{"line":249,"column":13}},{"start":{"line":244,"column":12},"end":{"line":249,"column":13}}],"line":244},"24":{"loc":{"start":{"line":254,"column":12},"end":{"line":262,"column":13}},"type":"if","locations":[{"start":{"line":254,"column":12},"end":{"line":262,"column":13}},{"start":{"line":254,"column":12},"end":{"line":262,"column":13}}],"line":254},"25":{"loc":{"start":{"line":257,"column":19},"end":{"line":262,"column":13}},"type":"if","locations":[{"start":{"line":257,"column":19},"end":{"line":262,"column":13}},{"start":{"line":257,"column":19},"end":{"line":262,"column":13}}],"line":257},"26":{"loc":{"start":{"line":267,"column":12},"end":{"line":275,"column":13}},"type":"if","locations":[{"start":{"line":267,"column":12},"end":{"line":275,"column":13}},{"start":{"line":267,"column":12},"end":{"line":275,"column":13}}],"line":267},"27":{"loc":{"start":{"line":270,"column":19},"end":{"line":275,"column":13}},"type":"if","locations":[{"start":{"line":270,"column":19},"end":{"line":275,"column":13}},{"start":{"line":270,"column":19},"end":{"line":275,"column":13}}],"line":270},"28":{"loc":{"start":{"line":280,"column":12},"end":{"line":292,"column":13}},"type":"if","locations":[{"start":{"line":280,"column":12},"end":{"line":292,"column":13}},{"start":{"line":280,"column":12},"end":{"line":292,"column":13}}],"line":280},"29":{"loc":{"start":{"line":284,"column":14},"end":{"line":287,"column":15}},"type":"if","locations":[{"start":{"line":284,"column":14},"end":{"line":287,"column":15}},{"start":{"line":284,"column":14},"end":{"line":287,"column":15}}],"line":284},"30":{"loc":{"start":{"line":297,"column":12},"end":{"line":310,"column":13}},"type":"if","locations":[{"start":{"line":297,"column":12},"end":{"line":310,"column":13}},{"start":{"line":297,"column":12},"end":{"line":310,"column":13}}],"line":297},"31":{"loc":{"start":{"line":302,"column":14},"end":{"line":305,"column":15}},"type":"if","locations":[{"start":{"line":302,"column":14},"end":{"line":305,"column":15}},{"start":{"line":302,"column":14},"end":{"line":305,"column":15}}],"line":302},"32":{"loc":{"start":{"line":315,"column":12},"end":{"line":323,"column":13}},"type":"if","locations":[{"start":{"line":315,"column":12},"end":{"line":323,"column":13}},{"start":{"line":315,"column":12},"end":{"line":323,"column":13}}],"line":315},"33":{"loc":{"start":{"line":318,"column":19},"end":{"line":323,"column":13}},"type":"if","locations":[{"start":{"line":318,"column":19},"end":{"line":323,"column":13}},{"start":{"line":318,"column":19},"end":{"line":323,"column":13}}],"line":318},"34":{"loc":{"start":{"line":328,"column":12},"end":{"line":336,"column":13}},"type":"if","locations":[{"start":{"line":328,"column":12},"end":{"line":336,"column":13}},{"start":{"line":328,"column":12},"end":{"line":336,"column":13}}],"line":328},"35":{"loc":{"start":{"line":331,"column":19},"end":{"line":336,"column":13}},"type":"if","locations":[{"start":{"line":331,"column":19},"end":{"line":336,"column":13}},{"start":{"line":331,"column":19},"end":{"line":336,"column":13}}],"line":331},"36":{"loc":{"start":{"line":341,"column":12},"end":{"line":349,"column":13}},"type":"if","locations":[{"start":{"line":341,"column":12},"end":{"line":349,"column":13}},{"start":{"line":341,"column":12},"end":{"line":349,"column":13}}],"line":341},"37":{"loc":{"start":{"line":344,"column":19},"end":{"line":349,"column":13}},"type":"if","locations":[{"start":{"line":344,"column":19},"end":{"line":349,"column":13}},{"start":{"line":344,"column":19},"end":{"line":349,"column":13}}],"line":344},"38":{"loc":{"start":{"line":354,"column":12},"end":{"line":359,"column":13}},"type":"if","locations":[{"start":{"line":354,"column":12},"end":{"line":359,"column":13}},{"start":{"line":354,"column":12},"end":{"line":359,"column":13}}],"line":354}},"s":{"0":1,"1":1,"2":1,"3":1,"4":1,"5":2,"6":16,"7":0,"8":2,"9":2,"10":8,"11":8,"12":8,"13":8,"14":8,"15":8,"16":1,"17":1,"18":1,"19":1,"20":1,"21":1,"22":1,"23":1,"24":16,"25":16,"26":16,"27":1,"28":16,"29":16,"30":0,"31":0,"32":3,"33":3,"34":11,"35":11,"36":9,"37":2,"38":9,"39":3,"40":1,"41":2,"42":1,"43":1,"44":2,"45":2,"46":2,"47":10,"48":10,"49":2,"50":1,"51":1,"52":2,"53":2,"54":4,"55":3,"56":1,"57":1,"58":3,"59":4,"60":3,"61":1,"62":1,"63":3,"64":8,"65":0,"66":11,"67":11,"68":22,"69":22,"70":11,"71":2,"72":2,"73":0,"74":0,"75":0,"76":0,"77":1,"78":1,"79":0,"80":0,"81":0,"82":0,"83":2,"84":2,"85":1,"86":1,"87":2,"88":2,"89":1,"90":1,"91":1,"92":1,"93":1,"94":1,"95":0,"96":0,"97":0,"98":0,"99":11,"100":2,"101":1,"102":1,"103":1,"104":0,"105":0,"106":1,"107":0,"108":0,"109":0,"110":0,"111":0,"112":0,"113":0,"114":0,"115":0,"116":0,"117":0,"118":0,"119":0,"120":0,"121":1,"122":1,"123":1,"124":0,"125":0,"126":0,"127":0,"128":0,"129":0,"130":0,"131":0,"132":0,"133":0,"134":0,"135":0,"136":0,"137":0,"138":0,"139":0,"140":0,"141":0,"142":2,"143":2,"144":2,"145":2,"146":1,"147":1,"148":1,"149":0,"150":0,"151":1,"152":1,"153":1,"154":1,"155":1,"156":1,"157":0,"158":0,"159":0,"160":2,"161":0,"162":0,"163":2,"164":1,"165":1,"166":1,"167":0,"168":1,"169":1,"170":1,"171":0,"172":0,"173":0,"174":0,"175":0,"176":1,"177":0,"178":0,"179":1,"180":1,"181":1,"182":0,"183":0,"184":1,"185":0,"186":0,"187":1,"188":0,"189":11,"190":0,"191":1,"192":1},"f":{"0":2,"1":16,"2":2,"3":1,"4":1,"5":16,"6":16,"7":16,"8":0,"9":0,"10":3,"11":2,"12":11,"13":0},"b":{"0":[2,0],"1":[2,2],"2":[0,16],"3":[8,8],"4":[8,0],"5":[1,0],"6":[1,0],"7":[0,0,0,0],"8":[9,2],"9":[1,2],"10":[1,1],"11":[2,1],"12":[2,4,4],"13":[1,1],"14":[3,1],"15":[3,1],"16":[11,2,0,0,1,0,0,2,1,2,1,1,1],"17":[2,0,0,1,0,0,2,1,2,1,1,1,0,0],"18":[1,1],"19":[0,1],"20":[0,0],"21":[0,0],"22":[0,0],"23":[1,0],"24":[0,0],"25":[0,0],"26":[0,0],"27":[0,0],"28":[2,0],"29":[1,1],"30":[1,0],"31":[1,0],"32":[0,2],"33":[1,1],"34":[1,0],"35":[0,0],"36":[0,1],"37":[1,0],"38":[0,1]},"inputSourceMap":{"version":3,"names":["keywordSet","Set","Token","type","val","_type","_val","TokenTypes","VARIABLE","BOOLEAN","FLOAT","INT","STRING","it","s","hasNext","ch","peek","next","has","KEYWORD","state","LexicalException","OPERATOR","nextChar"],"sourceRoot":"G:\\git\\compile\\compile\\src\\lexical\\","sources":["Token.js"],"sourcesContent":["/**\r\n * @author chaohui jiang\r\n * @version:v1.1.0\r\n */\r\nimport TokenTypes from \"./TokenTypes\";\r\nimport {isCode} from \"./chartHelp\";\r\nimport LexicalException from \"./LexicalException\";\r\nconst keywordSet = new Set([\r\n    'if','else','do','while','for','let',\r\n    'const','var','class','extends','function',\r\n    'break','switch','default','new','return','void',\r\n    'catch','continue','this','with','throw','delete',\r\n    'in','try','instranceof','typeof'\r\n]);\r\nexport default class Token {\r\n    constructor(type,val) {\r\n        this._type = type;\r\n        this._val = val;\r\n    }\r\n    getValue(){\r\n        return this._val;\r\n    }\r\n    getType(){\r\n        return this._type;\r\n    }\r\n    isVariable(){\r\n        return this._type === TokenTypes.VARIABLE;\r\n    }\r\n    //标量\r\n    isScalar(){\r\n        return this._type===TokenTypes.BOOLEAN || this._type === TokenTypes.FLOAT||\r\n            this._type===TokenTypes.INT || this._type === TokenTypes.STRING;\r\n    }\r\n\r\n    /**\r\n     *\r\n     *           [_|a-z|A-Z]\r\n     * 1=============================>2\r\n     *        [_|a-z|A-Z|0-9]\r\n     * 2=============================>2\r\n     *\r\n     *\r\n     */\r\n    static makeVarOrKeyword(it){\r\n        let s = \"\";\r\n        while (it.hasNext()){\r\n            let ch = it.peek();\r\n            if(isCode(ch)){\r\n                s+=ch;\r\n            }else{\r\n                break;\r\n            }\r\n            it.next();\r\n        }\r\n        if(keywordSet.has(s)){\r\n            return new Token(TokenTypes.KEYWORD,s);\r\n        }\r\n        if(s==\"true\" || s==\"false\"){\r\n            return new Token(TokenTypes.BOOLEAN,s);\r\n        }\r\n        return new Token(TokenTypes.VARIABLE,s);\r\n    }\r\n\r\n    static makeString(it){\r\n        let s = \"\";\r\n        let state = 0;\r\n        while (it.hasNext()){\r\n            let ch = it.peek();\r\n            switch (state) {\r\n                case 0:\r\n                    if(ch===\"'\"){\r\n                        state=1;\r\n                    }else{\r\n                        state=2;\r\n                    }\r\n                    s+=ch;\r\n                    break;\r\n                case 1:\r\n                    if(ch!==\"'\"){\r\n                        s+=ch;\r\n                    }else{\r\n                        it.next();\r\n                        return new Token(TokenTypes.STRING,s+ch);\r\n                    }\r\n                    break;\r\n                case 2:\r\n                    if(ch!=='\"'){\r\n                        s+=ch;\r\n                    }else {\r\n                        it.next();\r\n                        return new Token(TokenTypes.STRING,s+ch);\r\n                    }\r\n                    break;\r\n            }\r\n            it.next();\r\n        }\r\n        throw new LexicalException('unexpected error');\r\n    }\r\n    //OPERATOR\r\n    static makeOperator(it){\r\n        let state = 0;\r\n        while (it.hasNext()){\r\n            let ch = it.peek();\r\n            switch (state) {\r\n                case 0:\r\n                    switch (ch) {\r\n                        case \"+\":state=1;break;\r\n                        case \"-\":state=2;break;\r\n                        case \"*\":state=3;break;\r\n                        case \"/\":state=4;break;\r\n                        case \">\":state=5;break;\r\n                        case \"<\":state=6;break;\r\n                        case \"=\":state=7;break;\r\n                        case \"!\":state=8;break;\r\n                        case \"&\":state=9;break;\r\n                        case \"|\":state=10;break;\r\n                        case \"^\":state=11;break;\r\n                        case \"%\":state=12;break;\r\n                        case \",\":\r\n                            it.next();\r\n                            return new Token(TokenTypes.OPERATOR,ch);\r\n                        case \";\":\r\n                            it.next();\r\n                            return new Token(TokenTypes.OPERATOR,ch);\r\n                    }\r\n                    break;\r\n                case 1:\r\n                    if(ch===\"+\"){\r\n                        it.next();\r\n                        return new Token(TokenTypes.OPERATOR,\"++\");\r\n                    }else if(ch===\"=\"){\r\n                        it.next();\r\n                        return new Token(TokenTypes.OPERATOR,'+=')\r\n                    }else{\r\n                        return new Token(TokenTypes.OPERATOR,\"+\");\r\n                    }\r\n                    break;\r\n                case 2:\r\n                    if(ch===\"-\"){\r\n                        it.next();\r\n                        return new Token(TokenTypes.OPERATOR,\"--\");\r\n                    }else if(ch===\"=\"){\r\n                        it.next();\r\n                        return new Token(TokenTypes.OPERATOR,'-=')\r\n                    }else{\r\n                        return new Token(TokenTypes.OPERATOR,\"-\");\r\n                    }\r\n                    break;\r\n                case 3:\r\n                    if(ch===\"=\"){\r\n                        it.next();\r\n                        return new Token(TokenTypes.OPERATOR,'*=')\r\n                    }else{\r\n                        return new Token(TokenTypes.OPERATOR,\"*\");\r\n                    }\r\n                    break;\r\n                case 4:\r\n                   if(ch===\"=\"){\r\n                        it.next();\r\n                        return new Token(TokenTypes.OPERATOR,'/=')\r\n                    }else{\r\n                        return new Token(TokenTypes.OPERATOR,\"/\");\r\n                    }\r\n                    break;\r\n                case 5:\r\n                    if(ch===\">\"){\r\n                        it.next();\r\n                        return new Token(TokenTypes.OPERATOR,\">>\");\r\n                    }else if(ch===\"=\"){\r\n                        it.next();\r\n                        return new Token(TokenTypes.OPERATOR,'>=')\r\n                    }else{\r\n                        return new Token(TokenTypes.OPERATOR,\">\");\r\n                    }\r\n                    break;\r\n                case 6:\r\n                    if(ch===\"<\"){\r\n                        it.next();\r\n                        return new Token(TokenTypes.OPERATOR,\"<<\");\r\n                    }else if(ch===\"=\"){\r\n                        it.next();\r\n                        return new Token(TokenTypes.OPERATOR,'<=')\r\n                    }else{\r\n                        return new Token(TokenTypes.OPERATOR,\"<\");\r\n                    }\r\n                    break;\r\n                case 7:\r\n                    if(ch===\"=\"){\r\n                        it.next();\r\n                        let nextChar = it.peek();\r\n                        if(nextChar === \"=\"){\r\n                            it.next();\r\n                            return new Token(TokenTypes.OPERATOR,\"===\");\r\n                        }\r\n                        return new Token(TokenTypes.OPERATOR,\"==\");\r\n                    }else{\r\n                        return new Token(TokenTypes.OPERATOR,\"=\");\r\n                    }\r\n                    break;\r\n                case 8:\r\n                    if(ch===\"=\"){\r\n                        it.next();\r\n                        let nextChar = it.peek();\r\n                        if(nextChar === \"=\"){\r\n                            it.next();\r\n                            return new Token(TokenTypes.OPERATOR,\"!==\");\r\n                        }\r\n                        return new Token(TokenTypes.OPERATOR,\"!=\");\r\n                    }else{\r\n                        return new Token(TokenTypes.OPERATOR,\"!\");\r\n                    }\r\n                    break;\r\n                case 9:\r\n                    if(ch===\"&\"){\r\n                        it.next();\r\n                        return new Token(TokenTypes.OPERATOR,\"&&\");\r\n                    }else if(ch===\"=\"){\r\n                        it.next();\r\n                        return new Token(TokenTypes.OPERATOR,'&=')\r\n                    }else{\r\n                        return new Token(TokenTypes.OPERATOR,\"&\");\r\n                    }\r\n                    break;\r\n                case 10:\r\n                    if(ch===\"|\"){\r\n                        it.next();\r\n                        return new Token(TokenTypes.OPERATOR,\"||\");\r\n                    }else if(ch===\"=\"){\r\n                        it.next();\r\n                        return new Token(TokenTypes.OPERATOR,'|=')\r\n                    }else{\r\n                        return new Token(TokenTypes.OPERATOR,\"|\");\r\n                    }\r\n                    break;\r\n                case 11:\r\n                    if(ch===\"^\"){\r\n                        it.next();\r\n                        return new Token(TokenTypes.OPERATOR,\"^^\");\r\n                    }else if(ch===\"=\"){\r\n                        it.next();\r\n                        return new Token(TokenTypes.OPERATOR,'^=')\r\n                    }else{\r\n                        return new Token(TokenTypes.OPERATOR,\"^\");\r\n                    }\r\n                    break;\r\n                case 12:\r\n                    if(ch===\"=\"){\r\n                        it.next();\r\n                        return new Token(TokenTypes.OPERATOR,\"%=\");\r\n                    }else{\r\n                        return new Token(TokenTypes.OPERATOR,\"%\");\r\n                    }\r\n                    break;\r\n            }\r\n            it.next();\r\n        }\r\n        throw new LexicalException('unexpected error');\r\n    }\r\n    //number\r\n    static makeNumber(it){}\r\n}\r\n"],"mappings":";;;;;;;AAIA;;AACA;;AACA;;;;;;;;;;AACA,IAAMA,UAAU,GAAG,IAAIC,GAAJ,CAAQ,CACvB,IADuB,EAClB,MADkB,EACX,IADW,EACN,OADM,EACE,KADF,EACQ,KADR,EAEvB,OAFuB,EAEf,KAFe,EAET,OAFS,EAED,SAFC,EAES,UAFT,EAGvB,OAHuB,EAGf,QAHe,EAGN,SAHM,EAGI,KAHJ,EAGU,QAHV,EAGmB,MAHnB,EAIvB,OAJuB,EAIf,UAJe,EAIJ,MAJI,EAIG,MAJH,EAIU,OAJV,EAIkB,QAJlB,EAKvB,IALuB,EAKlB,KALkB,EAKZ,aALY,EAKE,QALF,CAAR,CAAnB;;IAOqBC,K;EACjB,eAAYC,IAAZ,EAAiBC,GAAjB,EAAsB;IAAA;;IAClB,KAAKC,KAAL,GAAaF,IAAb;IACA,KAAKG,IAAL,GAAYF,GAAZ;EACH;;;;WACD,oBAAU;MACN,OAAO,KAAKE,IAAZ;IACH;;;WACD,mBAAS;MACL,OAAO,KAAKD,KAAZ;IACH;;;WACD,sBAAY;MACR,OAAO,KAAKA,KAAL,KAAeE,uBAAWC,QAAjC;IACH,C,CACD;;;;WACA,oBAAU;MACN,OAAO,KAAKH,KAAL,KAAaE,uBAAWE,OAAxB,IAAmC,KAAKJ,KAAL,KAAeE,uBAAWG,KAA7D,IACH,KAAKL,KAAL,KAAaE,uBAAWI,GADrB,IAC4B,KAAKN,KAAL,KAAeE,uBAAWK,MAD7D;IAEH;IAED;AACJ;AACA;AACA;AACA;AACA;AACA;AACA;AACA;;;;WACI,0BAAwBC,EAAxB,EAA2B;MACvB,IAAIC,CAAC,GAAG,EAAR;;MACA,OAAOD,EAAE,CAACE,OAAH,EAAP,EAAoB;QAChB,IAAIC,EAAE,GAAGH,EAAE,CAACI,IAAH,EAAT;;QACA,IAAG,uBAAOD,EAAP,CAAH,EAAc;UACVF,CAAC,IAAEE,EAAH;QACH,CAFD,MAEK;UACD;QACH;;QACDH,EAAE,CAACK,IAAH;MACH;;MACD,IAAGlB,UAAU,CAACmB,GAAX,CAAeL,CAAf,CAAH,EAAqB;QACjB,OAAO,IAAIZ,KAAJ,CAAUK,uBAAWa,OAArB,EAA6BN,CAA7B,CAAP;MACH;;MACD,IAAGA,CAAC,IAAE,MAAH,IAAaA,CAAC,IAAE,OAAnB,EAA2B;QACvB,OAAO,IAAIZ,KAAJ,CAAUK,uBAAWE,OAArB,EAA6BK,CAA7B,CAAP;MACH;;MACD,OAAO,IAAIZ,KAAJ,CAAUK,uBAAWC,QAArB,EAA8BM,CAA9B,CAAP;IACH;;;WAED,oBAAkBD,EAAlB,EAAqB;MACjB,IAAIC,CAAC,GAAG,EAAR;MACA,IAAIO,KAAK,GAAG,CAAZ;;MACA,OAAOR,EAAE,CAACE,OAAH,EAAP,EAAoB;QAChB,IAAIC,EAAE,GAAGH,EAAE,CAACI,IAAH,EAAT;;QACA,QAAQI,KAAR;UACI,KAAK,CAAL;YACI,IAAGL,EAAE,KAAG,GAAR,EAAY;cACRK,KAAK,GAAC,CAAN;YACH,CAFD,MAEK;cACDA,KAAK,GAAC,CAAN;YACH;;YACDP,CAAC,IAAEE,EAAH;YACA;;UACJ,KAAK,CAAL;YACI,IAAGA,EAAE,KAAG,GAAR,EAAY;cACRF,CAAC,IAAEE,EAAH;YACH,CAFD,MAEK;cACDH,EAAE,CAACK,IAAH;cACA,OAAO,IAAIhB,KAAJ,CAAUK,uBAAWK,MAArB,EAA4BE,CAAC,GAACE,EAA9B,CAAP;YACH;;YACD;;UACJ,KAAK,CAAL;YACI,IAAGA,EAAE,KAAG,GAAR,EAAY;cACRF,CAAC,IAAEE,EAAH;YACH,CAFD,MAEM;cACFH,EAAE,CAACK,IAAH;cACA,OAAO,IAAIhB,KAAJ,CAAUK,uBAAWK,MAArB,EAA4BE,CAAC,GAACE,EAA9B,CAAP;YACH;;YACD;QAxBR;;QA0BAH,EAAE,CAACK,IAAH;MACH;;MACD,MAAM,IAAII,4BAAJ,CAAqB,kBAArB,CAAN;IACH,C,CACD;;;;WACA,sBAAoBT,EAApB,EAAuB;MACnB,IAAIQ,KAAK,GAAG,CAAZ;;MACA,OAAOR,EAAE,CAACE,OAAH,EAAP,EAAoB;QAChB,IAAIC,EAAE,GAAGH,EAAE,CAACI,IAAH,EAAT;;QACA,QAAQI,KAAR;UACI,KAAK,CAAL;YACI,QAAQL,EAAR;cACI,KAAK,GAAL;gBAASK,KAAK,GAAC,CAAN;gBAAQ;;cACjB,KAAK,GAAL;gBAASA,KAAK,GAAC,CAAN;gBAAQ;;cACjB,KAAK,GAAL;gBAASA,KAAK,GAAC,CAAN;gBAAQ;;cACjB,KAAK,GAAL;gBAASA,KAAK,GAAC,CAAN;gBAAQ;;cACjB,KAAK,GAAL;gBAASA,KAAK,GAAC,CAAN;gBAAQ;;cACjB,KAAK,GAAL;gBAASA,KAAK,GAAC,CAAN;gBAAQ;;cACjB,KAAK,GAAL;gBAASA,KAAK,GAAC,CAAN;gBAAQ;;cACjB,KAAK,GAAL;gBAASA,KAAK,GAAC,CAAN;gBAAQ;;cACjB,KAAK,GAAL;gBAASA,KAAK,GAAC,CAAN;gBAAQ;;cACjB,KAAK,GAAL;gBAASA,KAAK,GAAC,EAAN;gBAAS;;cAClB,KAAK,GAAL;gBAASA,KAAK,GAAC,EAAN;gBAAS;;cAClB,KAAK,GAAL;gBAASA,KAAK,GAAC,EAAN;gBAAS;;cAClB,KAAK,GAAL;gBACIR,EAAE,CAACK,IAAH;gBACA,OAAO,IAAIhB,KAAJ,CAAUK,uBAAWgB,QAArB,EAA8BP,EAA9B,CAAP;;cACJ,KAAK,GAAL;gBACIH,EAAE,CAACK,IAAH;gBACA,OAAO,IAAIhB,KAAJ,CAAUK,uBAAWgB,QAArB,EAA8BP,EAA9B,CAAP;YAlBR;;YAoBA;;UACJ,KAAK,CAAL;YACI,IAAGA,EAAE,KAAG,GAAR,EAAY;cACRH,EAAE,CAACK,IAAH;cACA,OAAO,IAAIhB,KAAJ,CAAUK,uBAAWgB,QAArB,EAA8B,IAA9B,CAAP;YACH,CAHD,MAGM,IAAGP,
[...]
"column":65},"end":{"line":18,"column":92}},"28":{"start":{"line":18,"column":94},"end":{"line":18,"column":423}},"29":{"start":{"line":18,"column":147},"end":{"line":18,"column":171}},"30":{"start":{"line":18,"column":181},"end":{"line":18,"column":371}},"31":{"start":{"line":18,"column":230},"end":{"line":18,"column":263}},"32":{"start":{"line":18,"column":265},"end":{"line":18,"column":321}},"33":{"start":{"line":18,"column":331},"end":{"line":18,"column":369}},"34":{"start":{"line":18,"column":372},"end":{"line":18,"column":420}},"35":{"start":{"line":20,"column":50},"end":{"line":20,"column":249}},"36":{"start":{"line":20,"column":124},"end":{"line":20,"column":136}},"37":{"start":{"line":20,"column":144},"end":{"line":20,"column":249}},"38":{"start":{"line":20,"column":167},"end":{"line":20,"column":247}},"39":{"start":{"line":20,"column":250},"end":{"line":20,"column":286}},"40":{"start":{"line":22,"column":40},"end":{"line":22,"column":151}},"41":{"start":{"line":22,"column":63},"end":{"line":22,"column":149}},"42":{"start":{"line":22,"column":152},"end":{"line":22,"column":164}},"43":{"start":{"line":24,"column":48},"end":{"line":24,"column":97}},"44":{"start":{"line":24,"column":99},"end":{"line":24,"column":725}},"45":{"start":{"line":24,"column":153},"end":{"line":24,"column":215}},"46":{"start":{"line":24,"column":202},"end":{"line":24,"column":215}},"47":{"start":{"line":24,"column":216},"end":{"line":24,"column":327}},"48":{"start":{"line":24,"column":251},"end":{"line":24,"column":325}},"49":{"start":{"line":24,"column":328},"end":{"line":24,"column":443}},"50":{"start":{"line":24,"column":365},"end":{"line":24,"column":413}},"51":{"start":{"line":24,"column":388},"end":{"line":24,"column":413}},"52":{"start":{"line":24,"column":414},"end":{"line":24,"column":441}},"53":{"start":{"line":24,"column":465},"end":{"line":24,"column":536}},"54":{"start":{"line":24,"column":539},"end":{"line":24,"column":682}},"55":{"start":{"line":24,"column":683},"end":{"line":24,"column":722}},"56":{"start":{"line":24,"column":726},"end":{"line":24,"column":757}},"57":{"start":{"line":26,"column":43},"end":{"line":26,"column":374}},"58":{"start":{"line":26,"column":78},"end":{"line":26,"column":109}},"59":{"start":{"line":26,"column":119},"end":{"line":26,"column":372}},"60":{"start":{"line":26,"column":183},"end":{"line":26,"column":189}},"61":{"start":{"line":26,"column":191},"end":{"line":26,"column":213}},"62":{"start":{"line":26,"column":232},"end":{"line":26,"column":262}},"63":{"start":{"line":26,"column":279},"end":{"line":26,"column":296}},"64":{"start":{"line":26,"column":298},"end":{"line":26,"column":352}},"65":{"start":{"line":26,"column":309},"end":{"line":26,"column":352}},"66":{"start":{"line":26,"column":353},"end":{"line":26,"column":369}},"67":{"start":{"line":26,"column":375},"end":{"line":26,"column":416}},"68":{"start":{"line":28,"column":39},"end":{"line":28,"column":110}},"69":{"start":{"line":28,"column":97},"end":{"line":28,"column":110}},"70":{"start":{"line":28,"column":111},"end":{"line":28,"column":152}},"71":{"start":{"line":28,"column":139},"end":{"line":28,"column":152}},"72":{"start":{"line":28,"column":153},"end":{"line":28,"column":198}},"73":{"start":{"line":28,"column":186},"end":{"line":28,"column":198}},"74":{"start":{"line":28,"column":199},"end":{"line":28,"column":327}},"75":{"start":{"line":28,"column":205},"end":{"line":28,"column":284}},"76":{"start":{"line":28,"column":285},"end":{"line":28,"column":297}},"77":{"start":{"line":28,"column":312},"end":{"line":28,"column":325}},"78":{"start":{"line":30,"column":33},"end":{"line":30,"column":99}},"79":{"start":{"line":32,"column":33},"end":{"line":32,"column":138}},"80":{"start":{"line":32,"column":109},"end":{"line":32,"column":125}},"81":{"start":{"line":32,"column":126},"end":{"line":32,"column":135}},"82":{"start":{"line":32,"column":139},"end":{"line":32,"column":168}},"83":{"start":{"line":34,"column":30},"end":{"line":34,"column":176}},"84":{"start":{"line":34,"column":126},"end":{"line":34,"column":173}},"85":{"start":{"line":34,"column":177},"end":{"line":34,"column":203}},"86":{"start":{"line":40,"column":36},"end":{"line":59,"column":40}},"87":{"start":{"line":41,"column":2},"end":{"line":41,"column":38}},"88":{"start":{"line":43,"column":15},"end":{"line":43,"column":45}},"89":{"start":{"line":46,"column":4},"end":{"line":46,"column":44}},"90":{"start":{"line":48,"column":4},"end":{"line":48,"column":34}},"91":{"start":{"line":51,"column":2},"end":{"line":56,"column":6}},"92":{"start":{"line":54,"column":6},"end":{"line":54,"column":64}},"93":{"start":{"line":58,"column":2},"end":{"line":58,"column":26}},"94":{"start":{"line":61,"column":0},"end":{"line":61,"column":38}}},"fnMap":{"0":{"name":"_typeof","decl":{"start":{"line":3,"column":9},"end":{"line":3,"column":16}},"loc":{"start":{"line":3,"column":22},"end":{"line":3,"column":336}},"line":3},"1":{"name":"(anonymous_1)","decl":{"start":{"line":3,"column":136},"end":{"line":3,"column":137}},"loc":{"start":{"line":3,"column":151},"end":{"line":3,"column":173}},"line":3},"2":{"name":"(anonymous_2)","decl":{"start":{"line":3,"column":176},"end":{"line":3,"column":177}},"loc":{"start":{"line":3,"column":191},"end":{"line":3,"column":319}},"line":3},"3":{"name":"_classCallCheck","decl":{"start":{"line":10,"column":9},"end":{"line":10,"column":24}},"loc":{"start":{"line":10,"column":48},"end":{"line":10,"column":153}},"line":10},"4":{"name":"_defineProperties","decl":{"start":{"line":12,"column":9},"end":{"line":12,"column":26}},"loc":{"start":{"line":12,"column":42},"end":{"line":12,"column":317}},"line":12},"5":{"name":"_createClass","decl":{"start":{"line":14,"column":9},"end":{"line":14,"column":21}},"loc":{"start":{"line":14,"column":60},"end":{"line":14,"column":285}},"line":14},"6":{"name":"_inherits","decl":{"start":{"line":16,"column":9},"end":{"line":16,"column":18}},"loc":{"start":{"line":16,"column":41},"end":{"line":16,"column":452}},"line":16},"7":{"name":"_createSuper","decl":{"start":{"line":18,"column":9},"end":{"line":18,"column":21}},"loc":{"start":{"line":18,"column":31},"end":{"line":18,"column":425}},"line":18},"8":{"name":"_createSuperInternal","decl":{"start":{"line":18,"column":110},"end":{"line":18,"column":130}},"loc":{"start":{"line":18,"column":133},"end":{"line":18,"column":422}},"line":18},"9":{"name":"_possibleConstructorReturn","decl":{"start":{"line":20,"column":9},"end":{"line":20,"column":35}},"loc":{"start":{"line":20,"column":48},"end":{"line":20,"column":288}},"line":20},"10":{"name":"_assertThisInitialized","decl":{"start":{"line":22,"column":9},"end":{"line":22,"column":31}},"loc":{"start":{"line":22,"column":38},"end":{"line":22,"column":166}},"line":22},"11":{"name":"_wrapNativeSuper","decl":{"start":{"line":24,"column":9},"end":{"line":24,"column":25}},"loc":{"start":{"line":24,"column":33},"end":{"line":24,"column":759}},"line":24},"12":{"name":"_wrapNativeSuper","decl":{"start":{"line":24,"column":127},"end":{"line":24,"column":143}},"loc":{"start":{"line":24,"column":151},"end":{"line":24,"column":724}},"line":24},"13":{"name":"Wrapper","decl":{"start":{"line":24,"column":453},"end":{"line":24,"column":460}},"loc":{"start":{"line":24,"column":463},"end":{"line":24,"column":538}},"line":24},"14":{"name":"_construct","decl":{"start":{"line":26,"column":9},"end":{"line":26,"column":19}},"loc":{"start":{"line":26,"column":41},"end":{"line":26,"column":418}},"line":26},"15":{"name":"_construct","decl":{"start":{"line":26,"column":141},"end":{"line":26,"column":151}},"loc":{"start":{"line":26,"column":173},"end":{"line":26,"column":371}},"line":26},"16":{"name":"_isNativeReflectConstruct","decl":{"start":{"line":28,"column":9},"end":{"line":28,"column":34}},"loc":{"start":{"line":28,"column":37},"end":{"line":28,"column":329}},"line":28},"17":{"name":"(anonymous_17)","decl":{"start":{"line":28,"column":267},"end":{"line":28,"column":268}},"loc":{"start":{"line":28,"column":279},"end":{"line":28,"column":281}},"line":28},"18":{"name":"_isNativeFunction","decl":{"start":{"line":30,"column":9},"end":{"line":30,"column":26}},"loc":{"start":{"line":30,"column":31},"end":{"line":30,"column":101}},"line":30},"19":{"name":"_setPrototypeOf","decl":{"start":{"line":32,"column":9},"end":{"line":32,"column":24}},"loc":{"start":{"line":32,"column":31},"end":{"line":32,"column":170}},"line":32},"20":{"name":"_setPrototypeOf","decl":{"start":{"line":32,"column":85},"end":{"line":32,"column":100}},"loc":{"start":{"line":32,"column":107},"end":{"line":32,"column":137}},"line":32},"21":{"name":"_getPrototypeOf","decl":{"start":{"line":34,"column":9},"end":{"line":34,"column":24}},"loc":{"start":{"line":34,"column":28},"end":{"line":34,"column":205}},"line":34},"22":{"name":"_getPrototypeOf","decl":{"start":{"line":34,"column":105},"end":{"line":34,"column":120}},"loc":{"start":{"line":34,"column":124},"end":{"line":34,"column":175}},"line":34},"23":{"name":"(anonymous_23)","decl":{"start":{"line":40,"column":36},"end":{"line":40,"column":37}},"loc":{"start":{"line":40,"column":54},"end":{"line":59,"column":1}},"line":40},"24":{"name":"LexicalException","decl":{"start":{"line":45,"column":11},"end":{"line":45,"column":27}},"loc":{"start":{"line":45,"column":33},"end":{"line":49,"column":3}},"line":45},"25":{"name":"fromChar","decl":{"start":{"line":53,"column":20},"end":{"line":53,"column":28}},"loc":{"start":{"line":53,"column":32},"end":{"line":55,"column":5}},"line":53}},"branchMap":{"0":{"loc":{"start":{"line":3,"column":68},"end":{"line":3,"column":319}},"type":"cond-expr","locations":[{"start":{"line":3,"column":136},"end":{"line":3,"column":173}},{"start":{"line":3,"column":176},"end":{"line":3,"column":319}}],"line":3},"1":{"loc":{"start":{"line":3,"column":68},"end":{"line":3,"column":133}},"type":"binary-expr","locations":[{"start":{"line":3,"column":68},"end":{"line":3,"column":95}},{"start":{"line":3,"column":99},"end":{"line":3,"column":133}}],"line":3},"2":{"loc":{"start":{"line":3,"column":200},"end":{"line":3,"column":316}},"type":"cond-expr","locations":[{"start":{"line":3,"column":295},"end":{"line":3,"column":303}},{"start":{"line":3,"column":306},"end":{"line":3,"column":316}}],"line":3},"3":{"loc":{"start":{"line":3,"column":200},"end":{"line":3,"column":292}},"type":"binary-expr","locations":[{"start":{"line":3,"column":200},"end":{"line":3,"column":203}},{"start":{"line":3,"column":207},"end":{"line":3,"column":234}},{"start":{"line":3,"column":238},"end":{"line":3,"column":264}},{"start":{"line":3,"column":268},"end":{"line":3,"column":292}}],"line":3},"4":{"loc":{"start":{"line":10,"column":50},"end":{"line":10,"column":151}},"type":"if","locations":[{"start":{"line":10,"column":50},"end":{"line":10,"column":151}},{"start":{"line":10,"column":50},"end":{"line":10,"column":151}}],"line":10},"5":{"loc":{"start":{"line":12,"column":136},"end":{"line":12,"column":166}},"type":"binary-expr","locations":[{"start":{"line":12,"column":136},"end":{"line":12,"column":157}},{"start":{"line":12,"column":161},"end":{"line":12,"column":166}}],"line":12},"6":{"loc":{"start":{"line":12,"column":200},"end":{"line":12,"column":254}},"type":"if","locations":[{"start":{"line":12,"column":200},"end":{"line":12,"column":254}},{"start":{"line":12,"column":200},"end":{"line":12,"column":254}}],"line":12},"7":{"loc":{"start":{"line":14,"column":62},"end":{"line":14,"column":131}},"type":"if","locations":[{"start":{"line":14,"column":62},"end":{"line":14,"column":131}},{"start":{"line":14,"column":62},"end":{"line":14,"column":131}}],"line":14},"8":{"loc":{"start":{"line":14,"column":132},"end":{"line":14,"column":193}},"type":"if","locations":[{"start":{"line":14,"column":132},"end":{"line":14,"column":193}},{"start":{"line":14,"column":132},"end":{"line":14,"column":193}}],"line":14},"9":{"loc":{"start":{"line":16,"column":43},"end":{"line":16,"column":182}},"type":"if","locations":[{"start":{"line":16,"column":43},"end":{"line":16,"column":182}},{"start":{"line":16,"column":43},"end":{"line":16,"column":182}}],"line":16},"10":{"loc":{"start":{"line":16,"column":47},"end":{"line":16,"column":102}},"type":"binary-expr","locations":[{"start":{"line":16,"column":47},"end":{"line":16,"column":79}},{"start":{"line":16,"column":83},"end":{"line":16,"column":102}}],"line":16},"11":{"loc":{"start":{"line":16,"column":218},"end":{"line":16,"column":252}},"type":"binary-expr","locations":[{"start":{"line":16,"column":218},"end":{"line":16,"column":228}},{"start":{"line":16,"column":232},"end":{"line":16,"column":252}}],"line":16},"12":{"loc":{"start":{"line":16,"column":396},"end":{"line":16,"column":450}},"type":"if","locations":[{"start":{"line":16,"column":396},"end":{"line":16,"column":450}},{"start":{"line":16,"column":396},"end":{"line":16,"column":450}}],"line":16},"13":{"loc":{"start":{"line":18,"column":181},"end":{"line":18,"column":371}},"type":"if","locations":[{"start":{"line":18,"column":181},"end":{"line":18,"column":371}},{"start":{"line":18,"column":181},"end":{"line":18,"column":371}}],"line":18},"14":{"loc":{"start":{"line":20,"column":50},"end":{"line":20,"column":249}},"type":"if","locations":[{"start":{"line":20,"column":50},"end":{"line":20,"column":249}},{"start":{"line":20,"column":50},"end":{"line":20,"column":249}}],"line":20},"15":{"loc":{"start":{"line":20,"column":54},"end":{"line":20,"column":120}},"type":"binary-expr","locations":[{"start":{"line":20,"column":54},"end":{"line":20,"column":58}},{"start":{"line":20,"column":63},"end":{"line":20,"column":89}},{"start":{"line":20,"column":93},"end":{"line":20,"column":119}}],"line":20},"16":{"loc":{"start":{"line":20,"column":144},"end":{"line":20,"column":249}},"type":"if","locations":[{"start":{"line":20,"column":144},"end":{"line":20,"column":249}},{"start":{"line":20,"column":144},"end":{"line":20,"column":249}}],"line":20},"17":{"loc":{"start":{"line":22,"column":40},"end":{"line":22,"column":151}},"type":"if","locations":[{"start":{"line":22,"column":40},"end":{"line":22,"column":151}},{"start":{"line":22,"column":40},"end":{"line":22,"column":151}}],"line":22},"18":{"loc":{"start":{"line":24,"column":48},"end":{"line":24,"column":97}},"type":"cond-expr","locations":[{"start":{"line":24,"column":76},"end":{"line":24,"column":85}},{"start":{"line":24,"column":88},"end":{"line":24,"column":97}}],"line":24},"19":{"loc":{"start":{"line":24,"column":153},"end":{"line":24,"column":215}},"type":"if","locations":[{"start":{"line":24,"column":153},"end":{"line":24,"column":215}},{"start":{"line":24,"column":153},"end":{"line":24,"column":215}}],"line":24},"20":{"loc":{"start":{"line":24,"column":157},"end":{"line":24,"column":200}},"type":"binary-expr","locations":[{"start":{"line":24,"column":157},"end":{"line":24,"column":171}},{"start":{"line":24,"column":175},"end":{"line":24,"column":200}}],"line":24},"21":{"loc":{"start":{"line":24,"column":216},"end":{"line":24,"column":327}},"type":"if","locations":[{"start":{"line":24,"column":216},"end":{"line":24,"column":327}},{"start":{"line":24,"column":216},"end":{"line":24,"column":327}}],"line":24},"22":{"loc":{"start":{"line":24,"column":328},"end":{"line":24,"column":443}},"type":"if","locations":[{"start":{"line":24,"column":328},"end":{"line":24,"column":443}},{"start":{"line":24,"column":328},"end":{"line":24,"column":443}}],"line":24},"23":{"loc":{"start":{"line":24,"column":365},"end":{"line":24,"column":413}},"type":"if","locations":[{"start":{"line":24,"column":365},"end":{"line":24,"column":413}},{"start":{"line":24,"column":365},"end":{"line":24,"column":413}}],"line":24},"24":{"loc":{"start":{"line":26,"column":43},"end":{"line":26,"column":374}},"type":"if","locations":[{"start":{"line":26,"column":43},"end":{"line":26,"column":374}},{"start":{"line":26,"column":43},"end":{"line":26,"column":374}}],"line":26},"25":{"loc":{"start":{"line":26,"column":298},"end":{"line":26,"column":352}},"type":"if","locations":[{"start":{"line":26,"column":298},"end":{"line":26,"column":352}},{"start":{"line":26,"column":298},"end":{"line":26,"column":352}}],"line":26},"26":{"loc":{"start":{"line":28,"column":39},"end":{"line":28,"column":110}},"type":"if","locations":[{"start":{"line":28,"column":39},"end":{"line":28,"column":110}},{"start":{"line":28,"column":39},"end":{"line":28,"column":110}}],"line":28},"27":{"loc":{"start":{"line":28,"column":43},"end":{"line":28,"column":95}},"type":"binary-expr","locations":[{"start":{"line":28,"column":43},"end":{"line":28,"column":73}},{"start":{"line":28,"column":77},"end":{"line":28,"column":95}}],"line":28},"28":{"loc":{"start":{"line":28,"column":111},"end":{"line":28,"column":152}},"type":"if","locations":[{"start":{"line":28,"column":111},"end":{"line":28,"column":152}},{"start":{"line":28,"column":111},"end":{"line":28,"column":152}}],"line":28},"29":{"loc":{"start":{"line":28,"column":153},"end":{"line":28,"column":198}},"type":"if","locations":[{"start":{"line":28,"column":153},"end":{"line":28,"column":198}},{"start":{"line":28,"column":153},"end":{"line":28,"column":198}}],"line":28},"30":{"loc":{"start":{"line":32,"column":51},"end":{"line":32,"column":137}},"type":"binary-expr","locations":[{"start":{"line":32,"column":51},"end":{"line":32,"column":72}},{"start":{"line":32,"column":76},"end":{"line":32,"column":137}}],"line":32},"31":{"loc":{"start":{"line":34,"column":48},"end":{"line":34,"column":175}},"type":"cond-expr","locations":[{"start":{"line":34,"column":72},"end":{"line":34,"column":93}},{"start":{"line":34,"column":96},"end":{"line":34,"column":175}}],"line":34},"32":{"loc":{"start":{"line":34,"column":133},"end":{"line":34,"column":172}},"type":"binary-expr","locations":[{"start":{"line":34,"column":133},"end":{"line":34,"column":144}},{"start":{"line":34,"column":148},"end":{"line":34,"column":172}}],"line":34}},"s":{"0":0,"1":0,"2":0,"3":1,"4":1,"5":0,"6":0,"7":1,"8":1,"9":1,"10":1,"11":1,"12":1,"13":1,"14":1,"15":1,"16":0,"17":1,"18":1,"19":1,"20":1,"21":1,"22":0,"23":1,"24":1,"25":1,"26":1,"27":1,"28":1,"29":0,"30":0,"31":0,"32":0,"33":0,"34":0,"35":0,"36":0,"37":0,"38":0,"39":0,"40":0,"41":0,"42":0,"43":1,"44":1,"45":1,"46":0,"47":1,"48":0,"49":1,"50":1,"51":0,"52":1,"53":0,"54":1,"55":1,"56":1,"57":0,"58":0,"59":0,"60":0,"61":0,"62":0,"63":0,"64":0,"65":0,"66":0,"67":0,"68":1,"69":0,"70":1,"71":0,"72":1,"73":1,"74":0,"75":0,"76":0,"77":0,"78":1,"79":1,"80":0,"81":0,"82":1,"83":0,"84":0,"85":0,"86":1,"87":1,"88":1,"89":0,"90":0,"91":1,"92":0,"93":1,"94":1},"f":{"0":0,"1":0,"2":0,"3":0,"4":1,"5":1,"6":1,"7":1,"8":0,"9":0,"10":0,"11":1,"12":1,"13":0,"14":0,"15":0,"16":1,"17":0,"18":1,"19":1,"20":0,"21":0,"22":0,"23":1,"24":0,"25":0},"b":{"0":[0,0],"1":[0,0],"2":[0,0],"3":[0,0,0,0],"4":[0,0],"5":[1,1],"6":[1,0],"7":[0,1],"8":[1,0],"9":[0,1],"10":[1,0],"11":[1,1],"12":[1,0],"13":[0,0],"14":[0,0],"15":[0,0,0],"16":[0,0],"17":[0,0],"18":[1,0],"19":[0,1],"20":[1,1],"21":[0,1],"22":[1,0],"23":[0,1],"24":[0,0],"25":[0,0],"26":[0,1],"27":[1,1],"28":[0,1],"29":[1,0],"30":[1,0],"31":[0,0],"32":[0,0]},"inputSourceMap":{"version":3,"names":["LexicalException","msg","c","Error"],"sourceRoot":"G:\\git\\compile\\compile\\src\\lexical\\","sources":["LexicalException.js"],"sourcesContent":["/**\r\n * @author chaohui jiang\r\n * @version:v1.1.0\r\n */\r\nexport default class LexicalException extends Error{\r\n    constructor(msg) {\r\n        super(msg);\r\n    }\r\n    static fromChar(c){\r\n        return new LexicalException(`unexpected char ${c}`)\r\n    }\r\n}\r\n"],"mappings":";;;;;;;;;;;;;;;;;;;;;;;;;;;;;;;;;;;AAAA;AACA;AACA;AACA;IACqBA,gB;;;;;EACjB,0BAAYC,GAAZ,EAAiB;IAAA;;IAAA,yBACPA,GADO;EAEhB;;;;WACD,kBAAgBC,CAAhB,EAAkB;MACd,OAAO,IAAIF,gBAAJ,2BAAwCE,CAAxC,EAAP;IACH;;;;iCANyCC,K"},"_coverageSchema":"1a1c01bbd47fc00a2c39e90264f33305004495a9","hash":"57f0c3c47fcc89ead59758df58f60198e0edb790","contentHash":"2619c23f30c42926317dc641b45e269e9f6814b8f3ebce97e4d52213fb8a37b8"}}